<?xml version="1.0" encoding="UTF-8"?>
<coverage generated="1656052834">
  <project timestamp="1656052834">
    <file name="/home/runner/work/apie-lib-monorepo/apie-lib-monorepo/packages/common-value-objects/src/Exceptions/RangeMismatchException.php">
      <class name="Apie\CommonValueObjects\Exceptions\RangeMismatchException" namespace="global">
        <metrics complexity="1" methods="1" coveredmethods="0" conditionals="0" coveredconditionals="0" statements="4" coveredstatements="0" elements="5" coveredelements="0"/>
      </class>
      <line num="9" type="method" name="__construct" visibility="public" complexity="1" crap="2" count="0"/>
      <line num="11" type="stmt" count="0"/>
      <line num="12" type="stmt" count="0"/>
      <line num="14" type="stmt" count="0"/>
      <line num="15" type="stmt" count="0"/>
      <metrics loc="20" ncloc="20" classes="1" methods="1" coveredmethods="0" conditionals="0" coveredconditionals="0" statements="4" coveredstatements="0" elements="5" coveredelements="0"/>
    </file>
    <file name="/home/runner/work/apie-lib-monorepo/apie-lib-monorepo/packages/common-value-objects/src/Identifiers/KebabCaseSlug.php">
      <class name="Apie\CommonValueObjects\Identifiers\KebabCaseSlug" namespace="global">
        <metrics complexity="1" methods="1" coveredmethods="1" conditionals="0" coveredconditionals="0" statements="1" coveredstatements="1" elements="2" coveredelements="2"/>
      </class>
      <line num="11" type="method" name="getRegularExpression" visibility="public" complexity="1" crap="1" count="1"/>
      <line num="13" type="stmt" count="1"/>
      <metrics loc="16" ncloc="16" classes="1" methods="1" coveredmethods="1" conditionals="0" coveredconditionals="0" statements="1" coveredstatements="1" elements="2" coveredelements="2"/>
    </file>
    <file name="/home/runner/work/apie-lib-monorepo/apie-lib-monorepo/packages/common-value-objects/src/Identifiers/PascalCaseSlug.php">
      <class name="Apie\CommonValueObjects\Identifiers\PascalCaseSlug" namespace="global">
        <metrics complexity="1" methods="1" coveredmethods="1" conditionals="0" coveredconditionals="0" statements="1" coveredstatements="1" elements="2" coveredelements="2"/>
      </class>
      <line num="11" type="method" name="getRegularExpression" visibility="public" complexity="1" crap="1" count="1"/>
      <line num="13" type="stmt" count="1"/>
      <metrics loc="16" ncloc="16" classes="1" methods="1" coveredmethods="1" conditionals="0" coveredconditionals="0" statements="1" coveredstatements="1" elements="2" coveredelements="2"/>
    </file>
    <file name="/home/runner/work/apie-lib-monorepo/apie-lib-monorepo/packages/common-value-objects/src/Identifiers/Slug.php">
      <class name="Apie\CommonValueObjects\Identifiers\Slug" namespace="global">
        <metrics complexity="1" methods="1" coveredmethods="1" conditionals="0" coveredconditionals="0" statements="1" coveredstatements="1" elements="2" coveredelements="2"/>
      </class>
      <line num="11" type="method" name="getRegularExpression" visibility="public" complexity="1" crap="1" count="2"/>
      <line num="13" type="stmt" count="2"/>
      <metrics loc="16" ncloc="16" classes="1" methods="1" coveredmethods="1" conditionals="0" coveredconditionals="0" statements="1" coveredstatements="1" elements="2" coveredelements="2"/>
    </file>
    <file name="/home/runner/work/apie-lib-monorepo/apie-lib-monorepo/packages/common-value-objects/src/Identifiers/Uuid.php">
      <class name="Apie\CommonValueObjects\Identifiers\Uuid" namespace="global">
        <metrics complexity="1" methods="1" coveredmethods="1" conditionals="0" coveredconditionals="0" statements="1" coveredstatements="1" elements="2" coveredelements="2"/>
      </class>
      <line num="11" type="method" name="getRegularExpression" visibility="public" complexity="1" crap="1" count="8"/>
      <line num="13" type="stmt" count="8"/>
      <metrics loc="16" ncloc="16" classes="1" methods="1" coveredmethods="1" conditionals="0" coveredconditionals="0" statements="1" coveredstatements="1" elements="2" coveredelements="2"/>
    </file>
    <file name="/home/runner/work/apie-lib-monorepo/apie-lib-monorepo/packages/common-value-objects/src/Identifiers/UuidV1.php">
      <class name="Apie\CommonValueObjects\Identifiers\UuidV1" namespace="global">
        <metrics complexity="1" methods="1" coveredmethods="1" conditionals="0" coveredconditionals="0" statements="1" coveredstatements="1" elements="2" coveredelements="2"/>
      </class>
      <line num="10" type="method" name="createRandom" visibility="public" complexity="1" crap="1" count="1"/>
      <line num="12" type="stmt" count="1"/>
      <metrics loc="15" ncloc="15" classes="1" methods="1" coveredmethods="1" conditionals="0" coveredconditionals="0" statements="1" coveredstatements="1" elements="2" coveredelements="2"/>
    </file>
    <file name="/home/runner/work/apie-lib-monorepo/apie-lib-monorepo/packages/common-value-objects/src/Identifiers/UuidV2.php">
      <class name="Apie\CommonValueObjects\Identifiers\UuidV2" namespace="global">
        <metrics complexity="1" methods="1" coveredmethods="1" conditionals="0" coveredconditionals="0" statements="3" coveredstatements="3" elements="4" coveredelements="4"/>
      </class>
      <line num="11" type="method" name="createRandom" visibility="public" complexity="1" crap="1" count="1"/>
      <line num="13" type="stmt" count="1"/>
      <line num="14" type="stmt" count="1"/>
      <line num="20" type="stmt" count="1"/>
      <metrics loc="23" ncloc="23" classes="1" methods="1" coveredmethods="1" conditionals="0" coveredconditionals="0" statements="3" coveredstatements="3" elements="4" coveredelements="4"/>
    </file>
    <file name="/home/runner/work/apie-lib-monorepo/apie-lib-monorepo/packages/common-value-objects/src/Identifiers/UuidV3.php">
      <class name="Apie\CommonValueObjects\Identifiers\UuidV3" namespace="global">
        <metrics complexity="1" methods="1" coveredmethods="1" conditionals="0" coveredconditionals="0" statements="3" coveredstatements="3" elements="4" coveredelements="4"/>
      </class>
      <line num="11" type="method" name="createRandom" visibility="public" complexity="1" crap="1" count="1"/>
      <line num="13" type="stmt" count="1"/>
      <line num="15" type="stmt" count="1"/>
      <line num="16" type="stmt" count="1"/>
      <metrics loc="19" ncloc="19" classes="1" methods="1" coveredmethods="1" conditionals="0" coveredconditionals="0" statements="3" coveredstatements="3" elements="4" coveredelements="4"/>
    </file>
    <file name="/home/runner/work/apie-lib-monorepo/apie-lib-monorepo/packages/common-value-objects/src/Identifiers/UuidV4.php">
      <class name="Apie\CommonValueObjects\Identifiers\UuidV4" namespace="global">
        <metrics complexity="1" methods="1" coveredmethods="1" conditionals="0" coveredconditionals="0" statements="1" coveredstatements="1" elements="2" coveredelements="2"/>
      </class>
      <line num="10" type="method" name="createRandom" visibility="public" complexity="1" crap="1" count="2"/>
      <line num="12" type="stmt" count="2"/>
      <metrics loc="15" ncloc="15" classes="1" methods="1" coveredmethods="1" conditionals="0" coveredconditionals="0" statements="1" coveredstatements="1" elements="2" coveredelements="2"/>
    </file>
    <file name="/home/runner/work/apie-lib-monorepo/apie-lib-monorepo/packages/common-value-objects/src/Identifiers/UuidV5.php">
      <class name="Apie\CommonValueObjects\Identifiers\UuidV5" namespace="global">
        <metrics complexity="1" methods="1" coveredmethods="1" conditionals="0" coveredconditionals="0" statements="3" coveredstatements="3" elements="4" coveredelements="4"/>
      </class>
      <line num="11" type="method" name="createRandom" visibility="public" complexity="1" crap="1" count="1"/>
      <line num="13" type="stmt" count="1"/>
      <line num="15" type="stmt" count="1"/>
      <line num="16" type="stmt" count="1"/>
      <metrics loc="19" ncloc="19" classes="1" methods="1" coveredmethods="1" conditionals="0" coveredconditionals="0" statements="3" coveredstatements="3" elements="4" coveredelements="4"/>
    </file>
    <file name="/home/runner/work/apie-lib-monorepo/apie-lib-monorepo/packages/common-value-objects/src/Identifiers/UuidV6.php">
      <class name="Apie\CommonValueObjects\Identifiers\UuidV6" namespace="global">
        <metrics complexity="1" methods="1" coveredmethods="1" conditionals="0" coveredconditionals="0" statements="1" coveredstatements="1" elements="2" coveredelements="2"/>
      </class>
      <line num="10" type="method" name="createRandom" visibility="public" complexity="1" crap="1" count="1"/>
      <line num="12" type="stmt" count="1"/>
      <metrics loc="15" ncloc="15" classes="1" methods="1" coveredmethods="1" conditionals="0" coveredconditionals="0" statements="1" coveredstatements="1" elements="2" coveredelements="2"/>
    </file>
    <file name="/home/runner/work/apie-lib-monorepo/apie-lib-monorepo/packages/common-value-objects/src/Names/FirstName.php">
      <class name="Apie\CommonValueObjects\Names\FirstName" namespace="global">
        <metrics complexity="1" methods="1" coveredmethods="1" conditionals="0" coveredconditionals="0" statements="1" coveredstatements="1" elements="2" coveredelements="2"/>
      </class>
      <line num="11" type="method" name="getRegularExpression" visibility="public" complexity="1" crap="1" count="1"/>
      <line num="13" type="stmt" count="1"/>
      <metrics loc="16" ncloc="16" classes="1" methods="1" coveredmethods="1" conditionals="0" coveredconditionals="0" statements="1" coveredstatements="1" elements="2" coveredelements="2"/>
    </file>
    <file name="/home/runner/work/apie-lib-monorepo/apie-lib-monorepo/packages/common-value-objects/src/Names/LastName.php">
      <class name="Apie\CommonValueObjects\Names\LastName" namespace="global">
        <metrics complexity="1" methods="1" coveredmethods="1" conditionals="0" coveredconditionals="0" statements="1" coveredstatements="1" elements="2" coveredelements="2"/>
      </class>
      <line num="11" type="method" name="getRegularExpression" visibility="public" complexity="1" crap="1" count="1"/>
      <line num="13" type="stmt" count="1"/>
      <metrics loc="16" ncloc="16" classes="1" methods="1" coveredmethods="1" conditionals="0" coveredconditionals="0" statements="1" coveredstatements="1" elements="2" coveredelements="2"/>
    </file>
    <file name="/home/runner/work/apie-lib-monorepo/apie-lib-monorepo/packages/common-value-objects/src/Ranges/DateTimeRange.php">
      <class name="Apie\CommonValueObjects\Ranges\DateTimeRange" namespace="global">
        <metrics complexity="5" methods="3" coveredmethods="2" conditionals="0" coveredconditionals="0" statements="14" coveredstatements="13" elements="17" coveredelements="15"/>
      </class>
      <line num="20" type="method" name="__construct" visibility="public" complexity="1" crap="1" count="1"/>
      <line num="22" type="stmt" count="1"/>
      <line num="23" type="stmt" count="1"/>
      <line num="24" type="stmt" count="1"/>
      <line num="27" type="method" name="createRandom" visibility="public" complexity="2" crap="2" count="1"/>
      <line num="29" type="stmt" count="1"/>
      <line num="30" type="stmt" count="1"/>
      <line num="31" type="stmt" count="1"/>
      <line num="32" type="stmt" count="1"/>
      <line num="34" type="stmt" count="1"/>
      <line num="35" type="stmt" count="1"/>
      <line num="37" type="stmt" count="1"/>
      <line num="38" type="stmt" count="1"/>
      <line num="39" type="stmt" count="1"/>
      <line num="43" type="method" name="validateState" visibility="private" complexity="2" crap="2.50" count="1"/>
      <line num="45" type="stmt" count="1"/>
      <line num="46" type="stmt" count="0"/>
      <metrics loc="50" ncloc="50" classes="1" methods="3" coveredmethods="2" conditionals="0" coveredconditionals="0" statements="14" coveredstatements="13" elements="17" coveredelements="15"/>
    </file>
    <file name="/home/runner/work/apie-lib-monorepo/apie-lib-monorepo/packages/common-value-objects/src/Texts/DatabaseText.php">
      <class name="Apie\CommonValueObjects\Texts\DatabaseText" namespace="global">
        <metrics complexity="2" methods="2" coveredmethods="2" conditionals="0" coveredconditionals="0" statements="2" coveredstatements="2" elements="4" coveredelements="4"/>
      </class>
      <line num="11" type="method" name="getRegularExpression" visibility="public" complexity="1" crap="1" count="3"/>
      <line num="13" type="stmt" count="3"/>
      <line num="16" type="method" name="convert" visibility="protected" complexity="1" crap="1" count="2"/>
      <line num="18" type="stmt" count="2"/>
      <metrics loc="21" ncloc="21" classes="1" methods="2" coveredmethods="2" conditionals="0" coveredconditionals="0" statements="2" coveredstatements="2" elements="4" coveredelements="4"/>
    </file>
    <file name="/home/runner/work/apie-lib-monorepo/apie-lib-monorepo/packages/common-value-objects/src/Texts/NonEmptyString.php">
      <class name="Apie\CommonValueObjects\Texts\NonEmptyString" namespace="global">
        <metrics complexity="2" methods="2" coveredmethods="2" conditionals="0" coveredconditionals="0" statements="2" coveredstatements="2" elements="4" coveredelements="4"/>
      </class>
      <line num="11" type="method" name="getRegularExpression" visibility="public" complexity="1" crap="1" count="3"/>
      <line num="13" type="stmt" count="3"/>
      <line num="16" type="method" name="convert" visibility="protected" complexity="1" crap="1" count="3"/>
      <line num="18" type="stmt" count="3"/>
      <metrics loc="21" ncloc="21" classes="1" methods="2" coveredmethods="2" conditionals="0" coveredconditionals="0" statements="2" coveredstatements="2" elements="4" coveredelements="4"/>
    </file>
    <file name="/home/runner/work/apie-lib-monorepo/apie-lib-monorepo/packages/common-value-objects/src/Texts/SmallDatabaseText.php">
      <class name="Apie\CommonValueObjects\Texts\SmallDatabaseText" namespace="global">
        <metrics complexity="2" methods="2" coveredmethods="2" conditionals="0" coveredconditionals="0" statements="2" coveredstatements="2" elements="4" coveredelements="4"/>
      </class>
      <line num="11" type="method" name="getRegularExpression" visibility="public" complexity="1" crap="1" count="1"/>
      <line num="13" type="stmt" count="1"/>
      <line num="16" type="method" name="convert" visibility="protected" complexity="1" crap="1" count="1"/>
      <line num="18" type="stmt" count="1"/>
      <metrics loc="21" ncloc="21" classes="1" methods="2" coveredmethods="2" conditionals="0" coveredconditionals="0" statements="2" coveredstatements="2" elements="4" coveredelements="4"/>
    </file>
    <file name="/home/runner/work/apie-lib-monorepo/apie-lib-monorepo/packages/common-value-objects/src/Texts/StrongPasswordField.php">
      <class name="Apie\CommonValueObjects\Texts\StrongPasswordField" namespace="global">
        <metrics complexity="7" methods="7" coveredmethods="0" conditionals="0" coveredconditionals="0" statements="7" coveredstatements="0" elements="14" coveredelements="0"/>
      </class>
      <line num="11" type="method" name="getMinLength" visibility="public" complexity="1" crap="2" count="0"/>
      <line num="13" type="stmt" count="0"/>
      <line num="16" type="method" name="getMaxLength" visibility="public" complexity="1" crap="2" count="0"/>
      <line num="18" type="stmt" count="0"/>
      <line num="21" type="method" name="getAllowedSpecialCharacters" visibility="public" complexity="1" crap="2" count="0"/>
      <line num="23" type="stmt" count="0"/>
      <line num="26" type="method" name="getMinSpecialCharacters" visibility="public" complexity="1" crap="2" count="0"/>
      <line num="28" type="stmt" count="0"/>
      <line num="31" type="method" name="getMinDigits" visibility="public" complexity="1" crap="2" count="0"/>
      <line num="33" type="stmt" count="0"/>
      <line num="36" type="method" name="getMinLowercase" visibility="public" complexity="1" crap="2" count="0"/>
      <line num="38" type="stmt" count="0"/>
      <line num="41" type="method" name="getMinUppercase" visibility="public" complexity="1" crap="2" count="0"/>
      <line num="43" type="stmt" count="0"/>
      <metrics loc="46" ncloc="46" classes="1" methods="7" coveredmethods="0" conditionals="0" coveredconditionals="0" statements="7" coveredstatements="0" elements="14" coveredelements="0"/>
    </file>
    <file name="/home/runner/work/apie-lib-monorepo/apie-lib-monorepo/packages/common-value-objects/tests/Texts/NonEmptyStringTest.php">
      <class name="Apie\Tests\CommonValueObjects\Texts\NonEmptyStringTest" namespace="global">
        <metrics complexity="2" methods="2" coveredmethods="1" conditionals="0" coveredconditionals="0" statements="4" coveredstatements="2" elements="6" coveredelements="3"/>
      </class>
      <line num="13" type="method" name="it_allows_all_strings_that_are_not_empty" visibility="public" complexity="1" crap="1" count="2"/>
      <line num="15" type="stmt" count="2"/>
      <line num="16" type="stmt" count="2"/>
      <line num="19" type="method" name="inputProvider" visibility="public" complexity="1" crap="2" count="0"/>
      <line num="21" type="stmt" count="0"/>
      <line num="22" type="stmt" count="0"/>
      <metrics loc="25" ncloc="21" classes="1" methods="2" coveredmethods="1" conditionals="0" coveredconditionals="0" statements="4" coveredstatements="2" elements="6" coveredelements="3"/>
    </file>
    <file name="/home/runner/work/apie-lib-monorepo/apie-lib-monorepo/packages/composite-value-objects/src/CompositeValueObject.php">
      <class name="Apie\CompositeValueObjects\CompositeValueObject" namespace="global">
        <metrics complexity="11" methods="3" coveredmethods="3" conditionals="0" coveredconditionals="0" statements="24" coveredstatements="24" elements="27" coveredelements="27"/>
      </class>
      <line num="20" type="method" name="getFields" visibility="public" complexity="5" crap="5" count="11"/>
      <line num="22" type="stmt" count="11"/>
      <line num="23" type="stmt" count="5"/>
      <line num="24" type="stmt" count="5"/>
      <line num="25" type="stmt" count="5"/>
      <line num="26" type="stmt" count="5"/>
      <line num="27" type="stmt" count="5"/>
      <line num="29" type="stmt" count="5"/>
      <line num="30" type="stmt" count="2"/>
      <line num="32" type="stmt" count="5"/>
      <line num="34" type="stmt" count="5"/>
      <line num="37" type="stmt" count="11"/>
      <line num="40" type="method" name="fromNative" visibility="public" complexity="3" crap="3" count="9"/>
      <line num="42" type="stmt" count="9"/>
      <line num="43" type="stmt" count="9"/>
      <line num="44" type="stmt" count="9"/>
      <line num="45" type="stmt" count="9"/>
      <line num="46" type="stmt" count="9"/>
      <line num="47" type="stmt" count="7"/>
      <line num="49" type="stmt" count="4"/>
      <line num="52" type="stmt" count="9"/>
      <line num="54" type="method" name="toNative" visibility="public" complexity="3" crap="3" count="4"/>
      <line num="56" type="stmt" count="4"/>
      <line num="57" type="stmt" count="4"/>
      <line num="58" type="stmt" count="4"/>
      <line num="59" type="stmt" count="4"/>
      <line num="62" type="stmt" count="4"/>
      <metrics loc="65" ncloc="59" classes="1" methods="3" coveredmethods="3" conditionals="0" coveredconditionals="0" statements="24" coveredstatements="24" elements="27" coveredelements="27"/>
    </file>
    <file name="/home/runner/work/apie-lib-monorepo/apie-lib-monorepo/packages/composite-value-objects/src/Fields/FieldInterface.php">
      <metrics loc="23" ncloc="23" classes="0" methods="0" coveredmethods="0" conditionals="0" coveredconditionals="0" statements="0" coveredstatements="0" elements="0" coveredelements="0"/>
    </file>
    <file name="/home/runner/work/apie-lib-monorepo/apie-lib-monorepo/packages/composite-value-objects/src/Fields/FromProperty.php">
      <class name="Apie\CompositeValueObjects\Fields\FromProperty" namespace="global">
        <metrics complexity="15" methods="9" coveredmethods="7" conditionals="0" coveredconditionals="0" statements="20" coveredstatements="18" elements="29" coveredelements="25"/>
      </class>
      <line num="16" type="method" name="__construct" visibility="public" complexity="1" crap="1" count="5"/>
      <line num="18" type="stmt" count="5"/>
      <line num="19" type="stmt" count="5"/>
      <line num="22" type="method" name="getTypehint" visibility="public" complexity="1" crap="1" count="2"/>
      <line num="24" type="stmt" count="2"/>
      <line num="27" type="method" name="isOptional" visibility="public" complexity="3" crap="3" count="6"/>
      <line num="29" type="stmt" count="6"/>
      <line num="30" type="stmt" count="6"/>
      <line num="31" type="stmt" count="6"/>
      <line num="34" type="method" name="fromNative" visibility="public" complexity="3" crap="3.14" count="7"/>
      <line num="36" type="stmt" count="7"/>
      <line num="37" type="stmt" count="7"/>
      <line num="38" type="stmt" count="0"/>
      <line num="40" type="stmt" count="7"/>
      <line num="43" type="method" name="fillField" visibility="public" complexity="1" crap="1" count="7"/>
      <line num="45" type="stmt" count="7"/>
      <line num="48" type="method" name="fillMissingField" visibility="public" complexity="3" crap="3.07" count="4"/>
      <line num="50" type="stmt" count="4"/>
      <line num="51" type="stmt" count="0"/>
      <line num="53" type="stmt" count="4"/>
      <line num="54" type="stmt" count="3"/>
      <line num="56" type="stmt" count="3"/>
      <line num="59" type="method" name="isInitialized" visibility="public" complexity="1" crap="1" count="4"/>
      <line num="61" type="stmt" count="4"/>
      <line num="64" type="method" name="getValue" visibility="public" complexity="1" crap="1" count="4"/>
      <line num="66" type="stmt" count="4"/>
      <line num="69" type="method" name="toNative" visibility="public" complexity="1" crap="1" count="4"/>
      <line num="71" type="stmt" count="4"/>
      <line num="72" type="stmt" count="4"/>
      <metrics loc="75" ncloc="75" classes="1" methods="9" coveredmethods="7" conditionals="0" coveredconditionals="0" statements="20" coveredstatements="18" elements="29" coveredelements="25"/>
    </file>
    <file name="/home/runner/work/apie-lib-monorepo/apie-lib-monorepo/packages/composite-value-objects/tests/CompositeValueObjectTest.php">
      <class name="Apie\Tests\CompositeValueObjects\CompositeValueObjectTest" namespace="global">
        <metrics complexity="5" methods="4" coveredmethods="3" conditionals="0" coveredconditionals="0" statements="17" coveredstatements="13" elements="21" coveredelements="16"/>
      </class>
      <line num="16" type="method" name="it_can_create_a_value_object_from_an_array" visibility="public" complexity="1" crap="1" count="1"/>
      <line num="18" type="stmt" count="1"/>
      <line num="24" type="stmt" count="1"/>
      <line num="26" type="stmt" count="1"/>
      <line num="27" type="stmt" count="1"/>
      <line num="28" type="stmt" count="1"/>
      <line num="29" type="stmt" count="1"/>
      <line num="30" type="stmt" count="1"/>
      <line num="31" type="stmt" count="1"/>
      <line num="38" type="method" name="it_can_process_union_types" visibility="public" complexity="1" crap="1" count="4"/>
      <line num="40" type="stmt" count="4"/>
      <line num="41" type="stmt" count="4"/>
      <line num="42" type="stmt" count="4"/>
      <line num="76" type="method" name="it_can_process_optional_properties" visibility="public" complexity="1" crap="1" count="4"/>
      <line num="78" type="stmt" count="4"/>
      <line num="79" type="stmt" count="4"/>
      <line num="82" type="method" name="optionalProvider" visibility="public" complexity="1" crap="2" count="0"/>
      <line num="85" type="stmt" count="0"/>
      <line num="89" type="stmt" count="0"/>
      <line num="93" type="stmt" count="0"/>
      <line num="98" type="stmt" count="0"/>
      <metrics loc="103" ncloc="92" classes="1" methods="4" coveredmethods="3" conditionals="0" coveredconditionals="0" statements="17" coveredstatements="13" elements="21" coveredelements="16"/>
    </file>
    <file name="/home/runner/work/apie-lib-monorepo/apie-lib-monorepo/packages/core/src/Attributes/FakeMethod.php">
      <class name="Apie\Core\Attributes\FakeMethod" namespace="global">
        <metrics complexity="1" methods="1" coveredmethods="1" conditionals="0" coveredconditionals="0" statements="1" coveredstatements="1" elements="2" coveredelements="2"/>
      </class>
      <line num="15" type="method" name="__construct" visibility="public" complexity="1" crap="1" count="7"/>
      <line num="17" type="stmt" count="7"/>
      <metrics loc="20" ncloc="16" classes="1" methods="1" coveredmethods="1" conditionals="0" coveredconditionals="0" statements="1" coveredstatements="1" elements="2" coveredelements="2"/>
    </file>
    <file name="/home/runner/work/apie-lib-monorepo/apie-lib-monorepo/packages/core/src/Attributes/Internal.php">
      <class name="Apie\Core\Attributes\Internal" namespace="global">
        <metrics complexity="0" methods="0" coveredmethods="0" conditionals="0" coveredconditionals="0" statements="0" coveredstatements="0" elements="0" coveredelements="0"/>
      </class>
      <metrics loc="10" ncloc="10" classes="0" methods="0" coveredmethods="0" conditionals="0" coveredconditionals="0" statements="0" coveredstatements="0" elements="0" coveredelements="0"/>
    </file>
    <file name="/home/runner/work/apie-lib-monorepo/apie-lib-monorepo/packages/core/src/Attributes/Optional.php">
      <class name="Apie\Core\Attributes\Optional" namespace="global">
        <metrics complexity="0" methods="0" coveredmethods="0" conditionals="0" coveredconditionals="0" statements="0" coveredstatements="0" elements="0" coveredelements="0"/>
      </class>
      <metrics loc="13" ncloc="10" classes="0" methods="0" coveredmethods="0" conditionals="0" coveredconditionals="0" statements="0" coveredstatements="0" elements="0" coveredelements="0"/>
    </file>
    <file name="/home/runner/work/apie-lib-monorepo/apie-lib-monorepo/packages/core/src/Dto/DtoInterface.php">
      <metrics loc="10" ncloc="7" classes="0" methods="0" coveredmethods="0" conditionals="0" coveredconditionals="0" statements="0" coveredstatements="0" elements="0" coveredelements="0"/>
    </file>
    <file name="/home/runner/work/apie-lib-monorepo/apie-lib-monorepo/packages/core/src/Entities/EntityInterface.php">
      <metrics loc="10" ncloc="10" classes="0" methods="0" coveredmethods="0" conditionals="0" coveredconditionals="0" statements="0" coveredstatements="0" elements="0" coveredelements="0"/>
    </file>
    <file name="/home/runner/work/apie-lib-monorepo/apie-lib-monorepo/packages/core/src/Entities/PolymorphicEntityInterface.php">
      <metrics loc="10" ncloc="10" classes="0" methods="0" coveredmethods="0" conditionals="0" coveredconditionals="0" statements="0" coveredstatements="0" elements="0" coveredelements="0"/>
    </file>
    <file name="/home/runner/work/apie-lib-monorepo/apie-lib-monorepo/packages/core/src/Entities/RootAggregate.php">
      <metrics loc="7" ncloc="7" classes="0" methods="0" coveredmethods="0" conditionals="0" coveredconditionals="0" statements="0" coveredstatements="0" elements="0" coveredelements="0"/>
    </file>
    <file name="/home/runner/work/apie-lib-monorepo/apie-lib-monorepo/packages/core/src/Exceptions/ApieException.php">
      <class name="Apie\Core\Exceptions\ApieException" namespace="global">
        <metrics complexity="0" methods="0" coveredmethods="0" conditionals="0" coveredconditionals="0" statements="0" coveredstatements="0" elements="0" coveredelements="0"/>
      </class>
      <metrics loc="9" ncloc="9" classes="0" methods="0" coveredmethods="0" conditionals="0" coveredconditionals="0" statements="0" coveredstatements="0" elements="0" coveredelements="0"/>
    </file>
    <file name="/home/runner/work/apie-lib-monorepo/apie-lib-monorepo/packages/core/src/Exceptions/DiscriminatorValueNotFoundException.php">
      <class name="Apie\Core\Exceptions\DiscriminatorValueException" namespace="global">
        <metrics complexity="1" methods="1" coveredmethods="0" conditionals="0" coveredconditionals="0" statements="2" coveredstatements="0" elements="3" coveredelements="0"/>
      </class>
      <line num="10" type="method" name="__construct" visibility="public" complexity="1" crap="2" count="0"/>
      <line num="12" type="stmt" count="0"/>
      <line num="13" type="stmt" count="0"/>
      <metrics loc="17" ncloc="13" classes="1" methods="1" coveredmethods="0" conditionals="0" coveredconditionals="0" statements="2" coveredstatements="0" elements="3" coveredelements="0"/>
    </file>
    <file name="/home/runner/work/apie-lib-monorepo/apie-lib-monorepo/packages/core/src/Exceptions/DuplicateIdentifierException.php">
      <class name="Apie\Core\Exceptions\DuplicateIdentifierException" namespace="global">
        <metrics complexity="1" methods="1" coveredmethods="0" conditionals="0" coveredconditionals="0" statements="2" coveredstatements="0" elements="3" coveredelements="0"/>
      </class>
      <line num="9" type="method" name="__construct" visibility="public" complexity="1" crap="2" count="0"/>
      <line num="11" type="stmt" count="0"/>
      <line num="12" type="stmt" count="0"/>
      <metrics loc="16" ncloc="13" classes="1" methods="1" coveredmethods="0" conditionals="0" coveredconditionals="0" statements="2" coveredstatements="0" elements="3" coveredelements="0"/>
    </file>
    <file name="/home/runner/work/apie-lib-monorepo/apie-lib-monorepo/packages/core/src/Exceptions/InvalidTypeException.php">
      <class name="Apie\Core\Exceptions\InvalidTypeException" namespace="global">
        <metrics complexity="3" methods="3" coveredmethods="1" conditionals="0" coveredconditionals="0" statements="7" coveredstatements="5" elements="10" coveredelements="6"/>
      </class>
      <line num="18" type="method" name="__construct" visibility="public" complexity="1" crap="1" count="6"/>
      <line num="20" type="stmt" count="6"/>
      <line num="21" type="stmt" count="6"/>
      <line num="22" type="stmt" count="6"/>
      <line num="23" type="stmt" count="6"/>
      <line num="25" type="stmt" count="6"/>
      <line num="37" type="method" name="chainException" visibility="public" complexity="1" crap="2" count="0"/>
      <line num="39" type="stmt" count="0"/>
      <line num="42" type="method" name="fromTypehint" visibility="public" complexity="1" crap="2" count="0"/>
      <line num="44" type="stmt" count="0"/>
      <metrics loc="47" ncloc="40" classes="1" methods="3" coveredmethods="1" conditionals="0" coveredconditionals="0" statements="7" coveredstatements="5" elements="10" coveredelements="6"/>
    </file>
    <file name="/home/runner/work/apie-lib-monorepo/apie-lib-monorepo/packages/core/src/Identifiers/IdentifierInterface.php">
      <metrics loc="16" ncloc="13" classes="0" methods="0" coveredmethods="0" conditionals="0" coveredconditionals="0" statements="0" coveredstatements="0" elements="0" coveredelements="0"/>
    </file>
    <file name="/home/runner/work/apie-lib-monorepo/apie-lib-monorepo/packages/core/src/Other/DiscriminatorConfig.php">
      <class name="Apie\Core\Other\DiscriminatorConfig" namespace="global">
        <metrics complexity="3" methods="3" coveredmethods="0" conditionals="0" coveredconditionals="0" statements="3" coveredstatements="0" elements="6" coveredelements="0"/>
      </class>
      <line num="6" type="method" name="__construct" visibility="public" complexity="1" crap="2" count="0"/>
      <line num="10" type="method" name="getDiscriminator" visibility="public" complexity="1" crap="2" count="0"/>
      <line num="12" type="stmt" count="0"/>
      <line num="15" type="method" name="getClassName" visibility="public" complexity="1" crap="2" count="0"/>
      <line num="17" type="stmt" count="0"/>
      <metrics loc="20" ncloc="20" classes="1" methods="3" coveredmethods="0" conditionals="0" coveredconditionals="0" statements="3" coveredstatements="0" elements="6" coveredelements="0"/>
    </file>
    <file name="/home/runner/work/apie-lib-monorepo/apie-lib-monorepo/packages/core/src/Other/DiscriminatorMapping.php">
      <class name="Apie\Core\Other\DiscriminatorMapping" namespace="global">
        <metrics complexity="4" methods="2" coveredmethods="0" conditionals="0" coveredconditionals="0" statements="5" coveredstatements="0" elements="7" coveredelements="0"/>
      </class>
      <line num="11" type="method" name="__construct" visibility="public" complexity="1" crap="2" count="0"/>
      <line num="13" type="stmt" count="0"/>
      <line num="16" type="method" name="getClassNameFromDiscriminator" visibility="public" complexity="3" crap="12" count="0"/>
      <line num="18" type="stmt" count="0"/>
      <line num="19" type="stmt" count="0"/>
      <line num="20" type="stmt" count="0"/>
      <line num="23" type="stmt" count="0"/>
      <metrics loc="26" ncloc="25" classes="1" methods="2" coveredmethods="0" conditionals="0" coveredconditionals="0" statements="5" coveredstatements="0" elements="7" coveredelements="0"/>
    </file>
    <file name="/home/runner/work/apie-lib-monorepo/apie-lib-monorepo/packages/core/src/RegexUtils.php">
      <class name="Apie\Core\RegexUtils" namespace="global">
        <metrics complexity="2" methods="1" coveredmethods="1" conditionals="0" coveredconditionals="0" statements="5" coveredstatements="5" elements="6" coveredelements="6"/>
      </class>
      <line num="10" type="method" name="removeDelimiters" visibility="public" complexity="1" crap="1" count="9"/>
      <line num="12" type="stmt" count="9"/>
      <line num="13" type="stmt" count="9"/>
      <line num="14" type="stmt" count="9"/>
      <line num="15" type="stmt" count="9"/>
      <line num="16" type="stmt" count="9"/>
      <metrics loc="19" ncloc="19" classes="1" methods="1" coveredmethods="1" conditionals="0" coveredconditionals="0" statements="5" coveredstatements="5" elements="6" coveredelements="6"/>
    </file>
    <file name="/home/runner/work/apie-lib-monorepo/apie-lib-monorepo/packages/core/src/ValueObjects/Exceptions/InvalidStringForValueObjectException.php">
      <class name="Apie\Core\ValueObjects\Exceptions\InvalidStringForValueObjectException" namespace="global">
        <metrics complexity="1" methods="1" coveredmethods="1" conditionals="0" coveredconditionals="0" statements="3" coveredstatements="3" elements="4" coveredelements="4"/>
      </class>
      <line num="15" type="method" name="__construct" visibility="public" complexity="1" crap="1" count="17"/>
      <line num="17" type="stmt" count="17"/>
      <line num="18" type="stmt" count="17"/>
      <line num="21" type="stmt" count="17"/>
      <metrics loc="26" ncloc="22" classes="1" methods="1" coveredmethods="1" conditionals="0" coveredconditionals="0" statements="3" coveredstatements="3" elements="4" coveredelements="4"/>
    </file>
    <file name="/home/runner/work/apie-lib-monorepo/apie-lib-monorepo/packages/core/src/ValueObjects/Interfaces/HasRegexValueObjectInterface.php">
      <metrics loc="11" ncloc="8" classes="0" methods="0" coveredmethods="0" conditionals="0" coveredconditionals="0" statements="0" coveredstatements="0" elements="0" coveredelements="0"/>
    </file>
    <file name="/home/runner/work/apie-lib-monorepo/apie-lib-monorepo/packages/core/src/ValueObjects/IsPasswordValueObject.php">
      <class name="Apie\Core\ValueObjects\IsPasswordValueObject" namespace="global">
        <metrics complexity="1" methods="1" coveredmethods="1" conditionals="0" coveredconditionals="0" statements="6" coveredstatements="6" elements="7" coveredelements="7"/>
      </class>
      <line num="8" type="method" name="getRegularExpression" visibility="public" complexity="1" crap="1" count="3"/>
      <line num="10" type="stmt" count="3"/>
      <line num="11" type="stmt" count="3"/>
      <line num="12" type="stmt" count="3"/>
      <line num="13" type="stmt" count="3"/>
      <line num="14" type="stmt" count="3"/>
      <line num="15" type="stmt" count="3"/>
      <metrics loc="32" ncloc="32" classes="1" methods="1" coveredmethods="1" conditionals="0" coveredconditionals="0" statements="6" coveredstatements="6" elements="7" coveredelements="7"/>
    </file>
    <file name="/home/runner/work/apie-lib-monorepo/apie-lib-monorepo/packages/core/src/ValueObjects/IsStringValueObject.php">
      <class name="Apie\Core\ValueObjects\IsStringValueObject" namespace="global">
        <metrics complexity="15" methods="6" coveredmethods="4" conditionals="0" coveredconditionals="0" statements="20" coveredstatements="14" elements="26" coveredelements="18"/>
      </class>
      <line num="14" type="method" name="__construct" visibility="public" complexity="1" crap="1" count="48"/>
      <line num="16" type="stmt" count="48"/>
      <line num="17" type="stmt" count="38"/>
      <line num="18" type="stmt" count="34"/>
      <line num="21" type="method" name="fromNative" visibility="public" complexity="9" crap="13.61" count="40"/>
      <line num="23" type="stmt" count="40"/>
      <line num="24" type="stmt" count="1"/>
      <line num="26" type="stmt" count="40"/>
      <line num="27" type="stmt" count="0"/>
      <line num="29" type="stmt" count="40"/>
      <line num="30" type="stmt" count="0"/>
      <line num="32" type="stmt" count="40"/>
      <line num="33" type="stmt" count="0"/>
      <line num="35" type="stmt" count="40"/>
      <line num="36" type="stmt" count="0"/>
      <line num="38" type="stmt" count="40"/>
      <line num="39" type="stmt" count="0"/>
      <line num="41" type="stmt" count="40"/>
      <line num="43" type="method" name="toNative" visibility="public" complexity="1" crap="1" count="33"/>
      <line num="45" type="stmt" count="33"/>
      <line num="48" type="method" name="__toString" visibility="public" complexity="1" crap="1" count="1"/>
      <line num="50" type="stmt" count="1"/>
      <line num="53" type="method" name="jsonSerialize" visibility="public" complexity="1" crap="2" count="0"/>
      <line num="55" type="stmt" count="0"/>
      <line num="62" type="method" name="convert" visibility="protected" complexity="1" crap="1" count="14"/>
      <line num="64" type="stmt" count="14"/>
      <metrics loc="67" ncloc="67" classes="1" methods="6" coveredmethods="4" conditionals="0" coveredconditionals="0" statements="20" coveredstatements="14" elements="26" coveredelements="18"/>
    </file>
    <file name="/home/runner/work/apie-lib-monorepo/apie-lib-monorepo/packages/core/src/ValueObjects/IsStringWithRegexValueObject.php">
      <class name="Apie\Core\ValueObjects\IsStringWithRegexValueObject" namespace="global">
        <metrics complexity="2" methods="1" coveredmethods="0" conditionals="0" coveredconditionals="0" statements="2" coveredstatements="1" elements="3" coveredelements="1"/>
      </class>
      <line num="10" type="method" name="validate" visibility="public" complexity="2" crap="2.50" count="19"/>
      <line num="12" type="stmt" count="19"/>
      <line num="13" type="stmt" count="0"/>
      <metrics loc="19" ncloc="19" classes="1" methods="1" coveredmethods="0" conditionals="0" coveredconditionals="0" statements="2" coveredstatements="1" elements="3" coveredelements="1"/>
    </file>
    <file name="/home/runner/work/apie-lib-monorepo/apie-lib-monorepo/packages/core/src/ValueObjects/Utils.php">
      <class name="Apie\Core\ValueObjects\Utils" namespace="global">
        <metrics complexity="66" methods="13" coveredmethods="6" conditionals="0" coveredconditionals="0" statements="112" coveredstatements="76" elements="125" coveredelements="82"/>
      </class>
      <line num="26" type="method" name="toArray" visibility="public" complexity="3" crap="4.94" count="9"/>
      <line num="28" type="stmt" count="9"/>
      <line num="29" type="stmt" count="9"/>
      <line num="31" type="stmt" count="0"/>
      <line num="32" type="stmt" count="0"/>
      <line num="34" type="stmt" count="0"/>
      <line num="37" type="method" name="toString" visibility="public" complexity="1" crap="1" count="5"/>
      <line num="39" type="stmt" count="5"/>
      <line num="42" type="method" name="toInt" visibility="public" complexity="2" crap="2" count="3"/>
      <line num="44" type="stmt" count="3"/>
      <line num="45" type="stmt" count="3"/>
      <line num="46" type="stmt" count="3"/>
      <line num="47" type="stmt" count="1"/>
      <line num="52" type="stmt" count="2"/>
      <line num="55" type="method" name="toFloat" visibility="public" complexity="1" crap="1" count="1"/>
      <line num="57" type="stmt" count="1"/>
      <line num="60" type="method" name="toBoolean" visibility="public" complexity="1" crap="1" count="1"/>
      <line num="62" type="stmt" count="1"/>
      <line num="65" type="method" name="toMixed" visibility="public" complexity="2" crap="2" count="1"/>
      <line num="67" type="stmt" count="1"/>
      <line num="70" type="method" name="toDate" visibility="public" complexity="4" crap="20" count="0"/>
      <line num="72" type="stmt" count="0"/>
      <line num="73" type="stmt" count="0"/>
      <line num="75" type="stmt" count="0"/>
      <line num="76" type="stmt" count="0"/>
      <line num="78" type="stmt" count="0"/>
      <line num="79" type="stmt" count="0"/>
      <line num="81" type="stmt" count="0"/>
      <line num="84" type="method" name="toNative" visibility="public" complexity="11" crap="26.12" count="4"/>
      <line num="86" type="stmt" count="4"/>
      <line num="87" type="stmt" count="0"/>
      <line num="89" type="stmt" count="4"/>
      <line num="90" type="stmt" count="0"/>
      <line num="92" type="stmt" count="4"/>
      <line num="93" type="stmt" count="0"/>
      <line num="94" type="stmt" count="0"/>
      <line num="95" type="stmt" count="0"/>
      <line num="97" type="stmt" count="0"/>
      <line num="99" type="stmt" count="4"/>
      <line num="100" type="stmt" count="0"/>
      <line num="102" type="stmt" count="4"/>
      <line num="103" type="stmt" count="0"/>
      <line num="105" type="stmt" count="4"/>
      <line num="106" type="stmt" count="3"/>
      <line num="108" type="stmt" count="1"/>
      <line num="109" type="stmt" count="1"/>
      <line num="111" type="stmt" count="0"/>
      <line num="114" type="method" name="toEnum" visibility="public" complexity="5" crap="5.58" count="1"/>
      <line num="116" type="stmt" count="1"/>
      <line num="117" type="stmt" count="0"/>
      <line num="120" type="stmt" count="1"/>
      <line num="121" type="stmt" count="1"/>
      <line num="122" type="stmt" count="1"/>
      <line num="123" type="stmt" count="1"/>
      <line num="126" type="stmt" count="0"/>
      <line num="132" type="method" name="toTypehint" visibility="public" complexity="21" crap="25.84" count="7"/>
      <line num="136" type="stmt" count="7"/>
      <line num="137" type="stmt" count="1"/>
      <line num="138" type="stmt" count="1"/>
      <line num="140" type="stmt" count="0"/>
      <line num="142" type="stmt" count="6"/>
      <line num="143" type="stmt" count="6"/>
      <line num="144" type="stmt" count="6"/>
      <line num="146" type="stmt" count="6"/>
      <line num="147" type="stmt" count="6"/>
      <line num="148" type="stmt" count="6"/>
      <line num="149" type="stmt" count="5"/>
      <line num="150" type="stmt" count="3"/>
      <line num="151" type="stmt" count="3"/>
      <line num="152" type="stmt" count="1"/>
      <line num="153" type="stmt" count="1"/>
      <line num="154" type="stmt" count="1"/>
      <line num="155" type="stmt" count="1"/>
      <line num="156" type="stmt" count="0"/>
      <line num="157" type="stmt" count="1"/>
      <line num="158" type="stmt" count="1"/>
      <line num="159" type="stmt" count="1"/>
      <line num="160" type="stmt" count="1"/>
      <line num="162" type="stmt" count="0"/>
      <line num="165" type="stmt" count="1"/>
      <line num="166" type="stmt" count="1"/>
      <line num="168" type="stmt" count="0"/>
      <line num="172" type="stmt" count="0"/>
      <line num="174" type="stmt" count="1"/>
      <line num="175" type="stmt" count="1"/>
      <line num="176" type="stmt" count="0"/>
      <line num="178" type="stmt" count="1"/>
      <line num="179" type="stmt" count="1"/>
      <line num="181" type="stmt" count="0"/>
      <line num="182" type="stmt" count="1"/>
      <line num="183" type="stmt" count="1"/>
      <line num="186" type="stmt" count="0"/>
      <line num="192" type="method" name="sortTypes" visibility="public" complexity="2" crap="2" count="4"/>
      <line num="194" type="stmt" count="4"/>
      <line num="195" type="stmt" count="4"/>
      <line num="199" type="stmt" count="4"/>
      <line num="200" type="stmt" count="4"/>
      <line num="201" type="stmt" count="4"/>
      <line num="202" type="stmt" count="4"/>
      <line num="203" type="stmt" count="4"/>
      <line num="204" type="stmt" count="4"/>
      <line num="207" type="stmt" count="4"/>
      <line num="208" type="stmt" count="4"/>
      <line num="211" type="method" name="displayMixedAsString" visibility="public" complexity="8" crap="14.29" count="6"/>
      <line num="213" type="stmt" count="6"/>
      <line num="214" type="stmt" count="0"/>
      <line num="216" type="stmt" count="6"/>
      <line num="217" type="stmt" count="0"/>
      <line num="218" type="stmt" count="0"/>
      <line num="220" type="stmt" count="0"/>
      <line num="221" type="stmt" count="0"/>
      <line num="223" type="stmt" count="0"/>
      <line num="226" type="stmt" count="6"/>
      <line num="227" type="stmt" count="1"/>
      <line num="230" type="stmt" count="6"/>
      <line num="231" type="stmt" count="6"/>
      <line num="234" type="stmt" count="1"/>
      <line num="237" type="method" name="getDisplayNameForValueObject" visibility="public" complexity="4" crap="4.05" count="28"/>
      <line num="239" type="stmt" count="28"/>
      <line num="240" type="stmt" count="28"/>
      <line num="242" type="stmt" count="0"/>
      <line num="244" type="stmt" count="28"/>
      <line num="245" type="stmt" count="1"/>
      <line num="247" type="stmt" count="28"/>
      <line num="250" type="stmt" count="28"/>
      <metrics loc="254" ncloc="245" classes="1" methods="13" coveredmethods="6" conditionals="0" coveredconditionals="0" statements="112" coveredstatements="76" elements="125" coveredelements="82"/>
    </file>
    <file name="/home/runner/work/apie-lib-monorepo/apie-lib-monorepo/packages/core/tests/ValueObjects/IsStringValueObjectTest.php">
      <class name="Apie\Tests\Core\ValueObjects\IsStringValueObjectTest" namespace="global">
        <metrics complexity="4" methods="4" coveredmethods="3" conditionals="0" coveredconditionals="0" statements="19" coveredstatements="15" elements="23" coveredelements="18"/>
      </class>
      <line num="11" type="method" name="testFromNative" visibility="public" complexity="1" crap="1" count="1"/>
      <line num="13" type="stmt" count="1"/>
      <line num="15" type="stmt" count="1"/>
      <line num="18" type="stmt" count="1"/>
      <line num="20" type="stmt" count="1"/>
      <line num="23" type="stmt" count="1"/>
      <line num="25" type="stmt" count="1"/>
      <line num="28" type="stmt" count="1"/>
      <line num="30" type="stmt" count="1"/>
      <line num="33" type="stmt" count="1"/>
      <line num="35" type="stmt" count="1"/>
      <line num="38" type="stmt" count="1"/>
      <line num="40" type="stmt" count="1"/>
      <line num="48" type="method" name="it_can_provide_a_validation_check" visibility="public" complexity="1" crap="1" count="4"/>
      <line num="50" type="stmt" count="4"/>
      <line num="51" type="stmt" count="4"/>
      <line num="54" type="method" name="invalidInputProvider" visibility="public" complexity="1" crap="2" count="0"/>
      <line num="56" type="stmt" count="0"/>
      <line num="57" type="stmt" count="0"/>
      <line num="58" type="stmt" count="0"/>
      <line num="59" type="stmt" count="0"/>
      <line num="62" type="method" name="__toString" visibility="public" complexity="1" crap="1" count="1"/>
      <line num="64" type="stmt" count="1"/>
      <metrics loc="67" ncloc="63" classes="1" methods="4" coveredmethods="3" conditionals="0" coveredconditionals="0" statements="19" coveredstatements="15" elements="23" coveredelements="18"/>
    </file>
    <file name="/home/runner/work/apie-lib-monorepo/apie-lib-monorepo/packages/core/tests/ValueObjects/UtilsTest.php">
      <class name="Apie\Tests\Core\ValueObjects\UtilsTest" namespace="global">
        <metrics complexity="1" methods="1" coveredmethods="1" conditionals="0" coveredconditionals="0" statements="6" coveredstatements="6" elements="7" coveredelements="7"/>
      </class>
      <line num="13" type="method" name="testGetDisplayNameForValueObject" visibility="public" complexity="1" crap="1" count="1"/>
      <line num="15" type="stmt" count="1"/>
      <line num="17" type="stmt" count="1"/>
      <line num="19" type="stmt" count="1"/>
      <line num="21" type="stmt" count="1"/>
      <line num="23" type="stmt" count="1"/>
      <line num="25" type="stmt" count="1"/>
      <metrics loc="29" ncloc="29" classes="1" methods="1" coveredmethods="1" conditionals="0" coveredconditionals="0" statements="6" coveredstatements="6" elements="7" coveredelements="7"/>
    </file>
    <file name="/home/runner/work/apie-lib-monorepo/apie-lib-monorepo/packages/date-value-objects/src/Concerns/CanCreateInstanceFromDateTimeObject.php">
      <class name="Apie\DateValueObjects\Concerns\CanCreateInstanceFromDateTimeObject" namespace="global">
        <metrics complexity="2" methods="2" coveredmethods="1" conditionals="0" coveredconditionals="0" statements="6" coveredstatements="5" elements="8" coveredelements="6"/>
      </class>
      <line num="19" type="method" name="createFromDateTimeObject" visibility="public" complexity="1" crap="1" count="19"/>
      <line num="21" type="stmt" count="19"/>
      <line num="22" type="stmt" count="19"/>
      <line num="23" type="stmt" count="19"/>
      <line num="24" type="stmt" count="19"/>
      <line num="25" type="stmt" count="19"/>
      <line num="28" type="method" name="createFromCurrentTime" visibility="public" complexity="1" crap="2" count="0"/>
      <line num="30" type="stmt" count="0"/>
      <metrics loc="33" ncloc="27" classes="1" methods="2" coveredmethods="1" conditionals="0" coveredconditionals="0" statements="6" coveredstatements="5" elements="8" coveredelements="6"/>
    </file>
    <file name="/home/runner/work/apie-lib-monorepo/apie-lib-monorepo/packages/date-value-objects/src/Concerns/CanHaveDayIntervals.php">
      <class name="Apie\DateValueObjects\Concerns\CanHaveDayIntervals" namespace="global">
        <metrics complexity="3" methods="3" coveredmethods="3" conditionals="0" coveredconditionals="0" statements="9" coveredstatements="9" elements="12" coveredelements="12"/>
      </class>
      <line num="31" type="method" name="withDay" visibility="public" complexity="1" crap="1" count="3"/>
      <line num="33" type="stmt" count="3"/>
      <line num="34" type="stmt" count="3"/>
      <line num="35" type="stmt" count="3"/>
      <line num="37" type="stmt" count="3"/>
      <line num="38" type="stmt" count="3"/>
      <line num="44" type="method" name="tomorrow" visibility="public" complexity="1" crap="1" count="3"/>
      <line num="46" type="stmt" count="3"/>
      <line num="47" type="stmt" count="3"/>
      <line num="53" type="method" name="yesterday" visibility="public" complexity="1" crap="1" count="3"/>
      <line num="55" type="stmt" count="3"/>
      <line num="56" type="stmt" count="3"/>
      <metrics loc="59" ncloc="38" classes="1" methods="3" coveredmethods="3" conditionals="0" coveredconditionals="0" statements="9" coveredstatements="9" elements="12" coveredelements="12"/>
    </file>
    <file name="/home/runner/work/apie-lib-monorepo/apie-lib-monorepo/packages/date-value-objects/src/Concerns/CanHaveMonthIntervals.php">
      <class name="Apie\DateValueObjects\Concerns\CanHaveMonthIntervals" namespace="global">
        <metrics complexity="7" methods="3" coveredmethods="3" conditionals="0" coveredconditionals="0" statements="25" coveredstatements="25" elements="28" coveredelements="28"/>
      </class>
      <line num="31" type="method" name="withMonth" visibility="public" complexity="1" crap="1" count="3"/>
      <line num="33" type="stmt" count="3"/>
      <line num="34" type="stmt" count="3"/>
      <line num="35" type="stmt" count="3"/>
      <line num="37" type="stmt" count="3"/>
      <line num="38" type="stmt" count="3"/>
      <line num="45" type="method" name="nextMonth" visibility="public" complexity="3" crap="3" count="6"/>
      <line num="47" type="stmt" count="6"/>
      <line num="48" type="stmt" count="6"/>
      <line num="49" type="stmt" count="6"/>
      <line num="50" type="stmt" count="6"/>
      <line num="51" type="stmt" count="6"/>
      <line num="53" type="stmt" count="6"/>
      <line num="54" type="stmt" count="1"/>
      <line num="57" type="stmt" count="6"/>
      <line num="58" type="stmt" count="6"/>
      <line num="59" type="stmt" count="6"/>
      <line num="66" type="method" name="previousMonth" visibility="public" complexity="3" crap="3" count="6"/>
      <line num="68" type="stmt" count="6"/>
      <line num="69" type="stmt" count="6"/>
      <line num="70" type="stmt" count="6"/>
      <line num="71" type="stmt" count="6"/>
      <line num="72" type="stmt" count="6"/>
      <line num="74" type="stmt" count="6"/>
      <line num="75" type="stmt" count="1"/>
      <line num="78" type="stmt" count="6"/>
      <line num="79" type="stmt" count="6"/>
      <line num="80" type="stmt" count="6"/>
      <metrics loc="83" ncloc="57" classes="1" methods="3" coveredmethods="3" conditionals="0" coveredconditionals="0" statements="25" coveredstatements="25" elements="28" coveredelements="28"/>
    </file>
    <file name="/home/runner/work/apie-lib-monorepo/apie-lib-monorepo/packages/date-value-objects/src/Concerns/CanHaveTimeIntervals.php">
      <class name="Apie\DateValueObjects\Concerns\CanHaveTimeIntervals" namespace="global">
        <metrics complexity="7" methods="7" coveredmethods="7" conditionals="0" coveredconditionals="0" statements="19" coveredstatements="19" elements="26" coveredelements="26"/>
      </class>
      <line num="26" type="method" name="withTime" visibility="public" complexity="1" crap="1" count="3"/>
      <line num="32" type="stmt" count="3"/>
      <line num="33" type="stmt" count="3"/>
      <line num="34" type="stmt" count="3"/>
      <line num="35" type="stmt" count="3"/>
      <line num="36" type="stmt" count="3"/>
      <line num="37" type="stmt" count="3"/>
      <line num="38" type="stmt" count="3"/>
      <line num="46" type="method" name="nextHour" visibility="public" complexity="1" crap="1" count="3"/>
      <line num="48" type="stmt" count="3"/>
      <line num="49" type="stmt" count="3"/>
      <line num="55" type="method" name="previousHour" visibility="public" complexity="1" crap="1" count="3"/>
      <line num="57" type="stmt" count="3"/>
      <line num="58" type="stmt" count="3"/>
      <line num="64" type="method" name="nextMinute" visibility="public" complexity="1" crap="1" count="3"/>
      <line num="66" type="stmt" count="3"/>
      <line num="67" type="stmt" count="3"/>
      <line num="73" type="method" name="previousMinute" visibility="public" complexity="1" crap="1" count="3"/>
      <line num="75" type="stmt" count="3"/>
      <line num="76" type="stmt" count="3"/>
      <line num="82" type="method" name="nextSecond" visibility="public" complexity="1" crap="1" count="3"/>
      <line num="84" type="stmt" count="3"/>
      <line num="85" type="stmt" count="3"/>
      <line num="91" type="method" name="previousSecond" visibility="public" complexity="1" crap="1" count="3"/>
      <line num="93" type="stmt" count="3"/>
      <line num="94" type="stmt" count="3"/>
      <metrics loc="97" ncloc="67" classes="1" methods="7" coveredmethods="7" conditionals="0" coveredconditionals="0" statements="19" coveredstatements="19" elements="26" coveredelements="26"/>
    </file>
    <file name="/home/runner/work/apie-lib-monorepo/apie-lib-monorepo/packages/date-value-objects/src/Concerns/CanHaveYearIntervals.php">
      <class name="Apie\DateValueObjects\Concerns\CanHaveYearIntervals" namespace="global">
        <metrics complexity="3" methods="3" coveredmethods="3" conditionals="0" coveredconditionals="0" statements="7" coveredstatements="7" elements="10" coveredelements="10"/>
      </class>
      <line num="20" type="method" name="withYear" visibility="public" complexity="1" crap="1" count="3"/>
      <line num="22" type="stmt" count="3"/>
      <line num="23" type="stmt" count="3"/>
      <line num="24" type="stmt" count="3"/>
      <line num="28" type="method" name="nextYear" visibility="public" complexity="1" crap="1" count="3"/>
      <line num="30" type="stmt" count="3"/>
      <line num="31" type="stmt" count="3"/>
      <line num="34" type="method" name="previousYear" visibility="public" complexity="1" crap="1" count="3"/>
      <line num="36" type="stmt" count="3"/>
      <line num="37" type="stmt" count="3"/>
      <metrics loc="40" ncloc="34" classes="1" methods="3" coveredmethods="3" conditionals="0" coveredconditionals="0" statements="7" coveredstatements="7" elements="10" coveredelements="10"/>
    </file>
    <file name="/home/runner/work/apie-lib-monorepo/apie-lib-monorepo/packages/date-value-objects/src/Concerns/IsDateValueObject.php">
      <class name="Apie\DateValueObjects\Concerns\IsDateValueObject" namespace="global">
        <metrics complexity="5" methods="2" coveredmethods="2" conditionals="0" coveredconditionals="0" statements="12" coveredstatements="12" elements="14" coveredelements="14"/>
      </class>
      <line num="24" type="method" name="convert" visibility="protected" complexity="4" crap="4" count="24"/>
      <line num="26" type="stmt" count="24"/>
      <line num="27" type="stmt" count="24"/>
      <line num="28" type="stmt" count="24"/>
      <line num="29" type="stmt" count="24"/>
      <line num="30" type="stmt" count="6"/>
      <line num="32" type="stmt" count="18"/>
      <line num="33" type="stmt" count="18"/>
      <line num="34" type="stmt" count="4"/>
      <line num="37" type="stmt" count="14"/>
      <line num="38" type="stmt" count="14"/>
      <line num="39" type="stmt" count="14"/>
      <line num="42" type="method" name="toDate" visibility="public" complexity="1" crap="1" count="19"/>
      <line num="44" type="stmt" count="19"/>
      <metrics loc="65" ncloc="43" classes="1" methods="2" coveredmethods="2" conditionals="0" coveredconditionals="0" statements="12" coveredstatements="12" elements="14" coveredelements="14"/>
    </file>
    <file name="/home/runner/work/apie-lib-monorepo/apie-lib-monorepo/packages/date-value-objects/src/DateWithTimezone.php">
      <class name="Apie\DateValueObjects\DateWithTimezone" namespace="global">
        <metrics complexity="2" methods="2" coveredmethods="2" conditionals="0" coveredconditionals="0" statements="2" coveredstatements="2" elements="4" coveredelements="4"/>
      </class>
      <line num="32" type="method" name="getDateFormat" visibility="public" complexity="1" crap="1" count="13"/>
      <line num="34" type="stmt" count="13"/>
      <line num="37" type="method" name="isStrictFormat" visibility="protected" complexity="1" crap="1" count="9"/>
      <line num="39" type="stmt" count="9"/>
      <metrics loc="42" ncloc="37" classes="1" methods="2" coveredmethods="2" conditionals="0" coveredconditionals="0" statements="2" coveredstatements="2" elements="4" coveredelements="4"/>
    </file>
    <file name="/home/runner/work/apie-lib-monorepo/apie-lib-monorepo/packages/date-value-objects/src/HourAndMinutes.php">
      <class name="Apie\DateValueObjects\HourAndMinutes" namespace="global">
        <metrics complexity="2" methods="2" coveredmethods="1" conditionals="0" coveredconditionals="0" statements="2" coveredstatements="1" elements="4" coveredelements="2"/>
      </class>
      <line num="24" type="method" name="getDateFormat" visibility="public" complexity="1" crap="1" count="1"/>
      <line num="26" type="stmt" count="1"/>
      <line num="29" type="method" name="isStrictFormat" visibility="protected" complexity="1" crap="2" count="0"/>
      <line num="31" type="stmt" count="0"/>
      <metrics loc="34" ncloc="25" classes="1" methods="2" coveredmethods="1" conditionals="0" coveredconditionals="0" statements="2" coveredstatements="1" elements="4" coveredelements="2"/>
    </file>
    <file name="/home/runner/work/apie-lib-monorepo/apie-lib-monorepo/packages/date-value-objects/src/LocalDate.php">
      <class name="Apie\DateValueObjects\LocalDate" namespace="global">
        <metrics complexity="2" methods="2" coveredmethods="2" conditionals="0" coveredconditionals="0" statements="2" coveredstatements="2" elements="4" coveredelements="4"/>
      </class>
      <line num="31" type="method" name="getDateFormat" visibility="public" complexity="1" crap="1" count="9"/>
      <line num="33" type="stmt" count="9"/>
      <line num="36" type="method" name="isStrictFormat" visibility="protected" complexity="1" crap="1" count="7"/>
      <line num="38" type="stmt" count="7"/>
      <metrics loc="41" ncloc="31" classes="1" methods="2" coveredmethods="2" conditionals="0" coveredconditionals="0" statements="2" coveredstatements="2" elements="4" coveredelements="4"/>
    </file>
    <file name="/home/runner/work/apie-lib-monorepo/apie-lib-monorepo/packages/date-value-objects/src/Time.php">
      <class name="Apie\DateValueObjects\Time" namespace="global">
        <metrics complexity="2" methods="2" coveredmethods="2" conditionals="0" coveredconditionals="0" statements="2" coveredstatements="2" elements="4" coveredelements="4"/>
      </class>
      <line num="24" type="method" name="getDateFormat" visibility="public" complexity="1" crap="1" count="7"/>
      <line num="26" type="stmt" count="7"/>
      <line num="29" type="method" name="isStrictFormat" visibility="protected" complexity="1" crap="1" count="2"/>
      <line num="31" type="stmt" count="2"/>
      <metrics loc="34" ncloc="25" classes="1" methods="2" coveredmethods="2" conditionals="0" coveredconditionals="0" statements="2" coveredstatements="2" elements="4" coveredelements="4"/>
    </file>
    <file name="/home/runner/work/apie-lib-monorepo/apie-lib-monorepo/packages/date-value-objects/src/UnixTimestamp.php">
      <class name="Apie\DateValueObjects\UnixTimestamp" namespace="global">
        <metrics complexity="17" methods="9" coveredmethods="4" conditionals="0" coveredconditionals="0" statements="25" coveredstatements="15" elements="34" coveredelements="19"/>
      </class>
      <line num="35" type="method" name="__construct" visibility="public" complexity="1" crap="1" count="8"/>
      <line num="37" type="stmt" count="8"/>
      <line num="38" type="stmt" count="8"/>
      <line num="41" type="method" name="toDate" visibility="public" complexity="1" crap="1" count="8"/>
      <line num="43" type="stmt" count="8"/>
      <line num="46" type="method" name="fromNative" visibility="public" complexity="9" crap="13.27" count="10"/>
      <line num="48" type="stmt" count="10"/>
      <line num="49" type="stmt" count="0"/>
      <line num="51" type="stmt" count="10"/>
      <line num="52" type="stmt" count="0"/>
      <line num="53" type="stmt" count="0"/>
      <line num="54" type="stmt" count="0"/>
      <line num="55" type="stmt" count="0"/>
      <line num="60" type="stmt" count="10"/>
      <line num="61" type="stmt" count="5"/>
      <line num="63" type="stmt" count="5"/>
      <line num="64" type="stmt" count="0"/>
      <line num="66" type="stmt" count="5"/>
      <line num="67" type="stmt" count="2"/>
      <line num="70" type="stmt" count="3"/>
      <line num="71" type="stmt" count="3"/>
      <line num="72" type="stmt" count="3"/>
      <line num="76" type="method" name="toNative" visibility="public" complexity="1" crap="1" count="7"/>
      <line num="78" type="stmt" count="7"/>
      <line num="81" type="method" name="createFromDateTimeObject" visibility="public" complexity="1" crap="1" count="8"/>
      <line num="83" type="stmt" count="8"/>
      <line num="86" type="method" name="createFromCurrentTime" visibility="public" complexity="1" crap="2" count="0"/>
      <line num="88" type="stmt" count="0"/>
      <line num="91" type="method" name="getDateFormat" visibility="public" complexity="1" crap="2" count="0"/>
      <line num="93" type="stmt" count="0"/>
      <line num="96" type="method" name="jsonSerialize" visibility="public" complexity="1" crap="2" count="0"/>
      <line num="98" type="stmt" count="0"/>
      <line num="101" type="method" name="__toString" visibility="public" complexity="1" crap="2" count="0"/>
      <line num="103" type="stmt" count="0"/>
      <metrics loc="106" ncloc="101" classes="1" methods="9" coveredmethods="4" conditionals="0" coveredconditionals="0" statements="25" coveredstatements="15" elements="34" coveredelements="19"/>
    </file>
    <file name="/home/runner/work/apie-lib-monorepo/apie-lib-monorepo/packages/date-value-objects/tests/Concerns/TestsDay.php">
      <class name="Apie\Tests\DateValueObjects\Concerns\TestsDay" namespace="global">
        <metrics complexity="1" methods="1" coveredmethods="1" conditionals="0" coveredconditionals="0" statements="16" coveredstatements="16" elements="17" coveredelements="17"/>
      </class>
      <line num="13" type="method" name="testDayMethods" visibility="public" complexity="1" crap="1" count="3"/>
      <line num="15" type="stmt" count="3"/>
      <line num="16" type="stmt" count="3"/>
      <line num="17" type="stmt" count="3"/>
      <line num="19" type="stmt" count="3"/>
      <line num="20" type="stmt" count="3"/>
      <line num="22" type="stmt" count="3"/>
      <line num="24" type="stmt" count="3"/>
      <line num="25" type="stmt" count="3"/>
      <line num="27" type="stmt" count="3"/>
      <line num="29" type="stmt" count="3"/>
      <line num="30" type="stmt" count="3"/>
      <line num="32" type="stmt" count="3"/>
      <line num="34" type="stmt" count="3"/>
      <line num="35" type="stmt" count="3"/>
      <line num="38" type="stmt" count="3"/>
      <line num="39" type="stmt" count="3"/>
      <metrics loc="42" ncloc="42" classes="1" methods="1" coveredmethods="1" conditionals="0" coveredconditionals="0" statements="16" coveredstatements="16" elements="17" coveredelements="17"/>
    </file>
    <file name="/home/runner/work/apie-lib-monorepo/apie-lib-monorepo/packages/date-value-objects/tests/Concerns/TestsMonth.php">
      <class name="Apie\Tests\DateValueObjects\Concerns\TestsMonth" namespace="global">
        <metrics complexity="3" methods="3" coveredmethods="3" conditionals="0" coveredconditionals="0" statements="49" coveredstatements="49" elements="52" coveredelements="52"/>
      </class>
      <line num="17" type="method" name="testMonthMethods" visibility="public" complexity="1" crap="1" count="3"/>
      <line num="19" type="stmt" count="3"/>
      <line num="20" type="stmt" count="3"/>
      <line num="21" type="stmt" count="3"/>
      <line num="23" type="stmt" count="3"/>
      <line num="24" type="stmt" count="3"/>
      <line num="26" type="stmt" count="3"/>
      <line num="28" type="stmt" count="3"/>
      <line num="29" type="stmt" count="3"/>
      <line num="31" type="stmt" count="3"/>
      <line num="33" type="stmt" count="3"/>
      <line num="34" type="stmt" count="3"/>
      <line num="36" type="stmt" count="3"/>
      <line num="38" type="stmt" count="3"/>
      <line num="39" type="stmt" count="3"/>
      <line num="42" type="stmt" count="3"/>
      <line num="43" type="stmt" count="3"/>
      <line num="49" type="method" name="it_remembers_the_day_when_picking_the_next_month" visibility="public" complexity="1" crap="1" count="3"/>
      <line num="51" type="stmt" count="3"/>
      <line num="52" type="stmt" count="3"/>
      <line num="53" type="stmt" count="3"/>
      <line num="54" type="stmt" count="3"/>
      <line num="56" type="stmt" count="3"/>
      <line num="57" type="stmt" count="3"/>
      <line num="59" type="stmt" count="3"/>
      <line num="60" type="stmt" count="3"/>
      <line num="62" type="stmt" count="3"/>
      <line num="63" type="stmt" count="3"/>
      <line num="65" type="stmt" count="3"/>
      <line num="66" type="stmt" count="3"/>
      <line num="67" type="stmt" count="3"/>
      <line num="69" type="stmt" count="3"/>
      <line num="70" type="stmt" count="3"/>
      <line num="73" type="stmt" count="3"/>
      <line num="74" type="stmt" count="3"/>
      <line num="81" type="method" name="it_remembers_the_day_when_picking_the_previous_month" visibility="public" complexity="1" crap="1" count="3"/>
      <line num="83" type="stmt" count="3"/>
      <line num="84" type="stmt" count="3"/>
      <line num="85" type="stmt" count="3"/>
      <line num="86" type="stmt" count="3"/>
      <line num="88" type="stmt" count="3"/>
      <line num="89" type="stmt" count="3"/>
      <line num="91" type="stmt" count="3"/>
      <line num="92" type="stmt" count="3"/>
      <line num="94" type="stmt" count="3"/>
      <line num="95" type="stmt" count="3"/>
      <line num="97" type="stmt" count="3"/>
      <line num="98" type="stmt" count="3"/>
      <line num="100" type="stmt" count="3"/>
      <line num="101" type="stmt" count="3"/>
      <line num="104" type="stmt" count="3"/>
      <line num="105" type="stmt" count="3"/>
      <metrics loc="108" ncloc="102" classes="1" methods="3" coveredmethods="3" conditionals="0" coveredconditionals="0" statements="49" coveredstatements="49" elements="52" coveredelements="52"/>
    </file>
    <file name="/home/runner/work/apie-lib-monorepo/apie-lib-monorepo/packages/date-value-objects/tests/Concerns/TestsTime.php">
      <class name="Apie\Tests\DateValueObjects\Concerns\TestsTime" namespace="global">
        <metrics complexity="2" methods="2" coveredmethods="2" conditionals="0" coveredconditionals="0" statements="33" coveredstatements="33" elements="35" coveredelements="35"/>
      </class>
      <line num="18" type="method" name="it_can_change_timestamp" visibility="public" complexity="1" crap="1" count="3"/>
      <line num="20" type="stmt" count="3"/>
      <line num="26" type="stmt" count="3"/>
      <line num="27" type="stmt" count="3"/>
      <line num="29" type="stmt" count="3"/>
      <line num="30" type="stmt" count="3"/>
      <line num="32" type="stmt" count="3"/>
      <line num="34" type="stmt" count="3"/>
      <line num="35" type="stmt" count="3"/>
      <line num="38" type="method" name="testTimeMethods" visibility="public" complexity="1" crap="1" count="3"/>
      <line num="40" type="stmt" count="3"/>
      <line num="51" type="stmt" count="3"/>
      <line num="52" type="stmt" count="3"/>
      <line num="54" type="stmt" count="3"/>
      <line num="55" type="stmt" count="3"/>
      <line num="57" type="stmt" count="3"/>
      <line num="59" type="stmt" count="3"/>
      <line num="60" type="stmt" count="3"/>
      <line num="62" type="stmt" count="3"/>
      <line num="64" type="stmt" count="3"/>
      <line num="65" type="stmt" count="3"/>
      <line num="67" type="stmt" count="3"/>
      <line num="69" type="stmt" count="3"/>
      <line num="70" type="stmt" count="3"/>
      <line num="72" type="stmt" count="3"/>
      <line num="74" type="stmt" count="3"/>
      <line num="75" type="stmt" count="3"/>
      <line num="77" type="stmt" count="3"/>
      <line num="79" type="stmt" count="3"/>
      <line num="80" type="stmt" count="3"/>
      <line num="82" type="stmt" count="3"/>
      <line num="84" type="stmt" count="3"/>
      <line num="85" type="stmt" count="3"/>
      <line num="88" type="stmt" count="3"/>
      <line num="89" type="stmt" count="3"/>
      <metrics loc="92" ncloc="89" classes="1" methods="2" coveredmethods="2" conditionals="0" coveredconditionals="0" statements="33" coveredstatements="33" elements="35" coveredelements="35"/>
    </file>
    <file name="/home/runner/work/apie-lib-monorepo/apie-lib-monorepo/packages/date-value-objects/tests/Concerns/TestsYear.php">
      <class name="Apie\Tests\DateValueObjects\Concerns\TestsYear" namespace="global">
        <metrics complexity="1" methods="1" coveredmethods="1" conditionals="0" coveredconditionals="0" statements="16" coveredstatements="16" elements="17" coveredelements="17"/>
      </class>
      <line num="13" type="method" name="testYearMethods" visibility="public" complexity="1" crap="1" count="3"/>
      <line num="15" type="stmt" count="3"/>
      <line num="16" type="stmt" count="3"/>
      <line num="17" type="stmt" count="3"/>
      <line num="19" type="stmt" count="3"/>
      <line num="20" type="stmt" count="3"/>
      <line num="22" type="stmt" count="3"/>
      <line num="24" type="stmt" count="3"/>
      <line num="25" type="stmt" count="3"/>
      <line num="27" type="stmt" count="3"/>
      <line num="29" type="stmt" count="3"/>
      <line num="30" type="stmt" count="3"/>
      <line num="32" type="stmt" count="3"/>
      <line num="34" type="stmt" count="3"/>
      <line num="35" type="stmt" count="3"/>
      <line num="38" type="stmt" count="3"/>
      <line num="39" type="stmt" count="3"/>
      <metrics loc="42" ncloc="42" classes="1" methods="1" coveredmethods="1" conditionals="0" coveredconditionals="0" statements="16" coveredstatements="16" elements="17" coveredelements="17"/>
    </file>
    <file name="/home/runner/work/apie-lib-monorepo/apie-lib-monorepo/packages/date-value-objects/tests/DateWithTimezoneTest.php">
      <class name="Apie\Tests\DateValueObjects\DateWithTimezoneTest" namespace="global">
        <metrics complexity="10" methods="3" coveredmethods="2" conditionals="0" coveredconditionals="0" statements="6" coveredstatements="3" elements="9" coveredelements="5"/>
      </class>
      <line num="19" type="method" name="createValueObject" visibility="protected" complexity="1" crap="1" count="7"/>
      <line num="21" type="stmt" count="7"/>
      <line num="104" type="method" name="it_validates_invalid_input" visibility="public" complexity="1" crap="1" count="3"/>
      <line num="106" type="stmt" count="3"/>
      <line num="107" type="stmt" count="3"/>
      <line num="110" type="method" name="invalidInput" visibility="public" complexity="1" crap="2" count="0"/>
      <line num="112" type="stmt" count="0"/>
      <line num="113" type="stmt" count="0"/>
      <line num="114" type="stmt" count="0"/>
      <metrics loc="117" ncloc="113" classes="1" methods="3" coveredmethods="2" conditionals="0" coveredconditionals="0" statements="6" coveredstatements="3" elements="9" coveredelements="5"/>
    </file>
    <file name="/home/runner/work/apie-lib-monorepo/apie-lib-monorepo/packages/date-value-objects/tests/Helpers/DynamicTestSuite.php">
      <class name="Apie\Tests\DateValueObjects\Helpers\DynamicTestSuite" namespace="global">
        <metrics complexity="5" methods="2" coveredmethods="1" conditionals="0" coveredconditionals="0" statements="11" coveredstatements="8" elements="13" coveredelements="9"/>
      </class>
      <line num="14" type="method" name="__construct" visibility="public" complexity="1" crap="1" count="21"/>
      <line num="16" type="stmt" count="21"/>
      <line num="17" type="stmt" count="21"/>
      <line num="20" type="method" name="runTestCases" visibility="public" complexity="4" crap="4.59" count="21"/>
      <line num="22" type="stmt" count="21"/>
      <line num="24" type="stmt" count="21"/>
      <line num="26" type="stmt" count="21"/>
      <line num="27" type="stmt" count="21"/>
      <line num="28" type="stmt" count="0"/>
      <line num="29" type="stmt" count="0"/>
      <line num="33" type="stmt" count="21"/>
      <line num="34" type="stmt" count="0"/>
      <line num="36" type="stmt" count="21"/>
      <metrics loc="39" ncloc="38" classes="1" methods="2" coveredmethods="1" conditionals="0" coveredconditionals="0" statements="11" coveredstatements="8" elements="13" coveredelements="9"/>
    </file>
    <file name="/home/runner/work/apie-lib-monorepo/apie-lib-monorepo/packages/date-value-objects/tests/LocalDateTest.php">
      <class name="Apie\Tests\DateValueObjects\LocalDateTest" namespace="global">
        <metrics complexity="8" methods="3" coveredmethods="2" conditionals="0" coveredconditionals="0" statements="6" coveredstatements="3" elements="9" coveredelements="5"/>
      </class>
      <line num="17" type="method" name="createValueObject" visibility="protected" complexity="1" crap="1" count="5"/>
      <line num="19" type="stmt" count="5"/>
      <line num="79" type="method" name="it_validates_invalid_input" visibility="public" complexity="1" crap="1" count="3"/>
      <line num="81" type="stmt" count="3"/>
      <line num="82" type="stmt" count="3"/>
      <line num="85" type="method" name="invalidInput" visibility="public" complexity="1" crap="2" count="0"/>
      <line num="87" type="stmt" count="0"/>
      <line num="88" type="stmt" count="0"/>
      <line num="89" type="stmt" count="0"/>
      <metrics loc="92" ncloc="88" classes="1" methods="3" coveredmethods="2" conditionals="0" coveredconditionals="0" statements="6" coveredstatements="3" elements="9" coveredelements="5"/>
    </file>
    <file name="/home/runner/work/apie-lib-monorepo/apie-lib-monorepo/packages/date-value-objects/tests/TimeTest.php">
      <class name="Apie\Tests\DateValueObjects\TimeTest" namespace="global">
        <metrics complexity="5" methods="3" coveredmethods="2" conditionals="0" coveredconditionals="0" statements="7" coveredstatements="3" elements="10" coveredelements="5"/>
      </class>
      <line num="13" type="method" name="createValueObject" visibility="protected" complexity="1" crap="1" count="2"/>
      <line num="15" type="stmt" count="2"/>
      <line num="55" type="method" name="it_validates_invalid_input" visibility="public" complexity="1" crap="1" count="4"/>
      <line num="57" type="stmt" count="4"/>
      <line num="58" type="stmt" count="4"/>
      <line num="61" type="method" name="invalidInput" visibility="public" complexity="1" crap="2" count="0"/>
      <line num="63" type="stmt" count="0"/>
      <line num="64" type="stmt" count="0"/>
      <line num="65" type="stmt" count="0"/>
      <line num="66" type="stmt" count="0"/>
      <metrics loc="69" ncloc="65" classes="1" methods="3" coveredmethods="2" conditionals="0" coveredconditionals="0" statements="7" coveredstatements="3" elements="10" coveredelements="5"/>
    </file>
    <file name="/home/runner/work/apie-lib-monorepo/apie-lib-monorepo/packages/date-value-objects/tests/UnixTimestampTest.php">
      <class name="Apie\Tests\DateValueObjects\UnixTimestampTest" namespace="global">
        <metrics complexity="11" methods="11" coveredmethods="10" conditionals="0" coveredconditionals="0" statements="41" coveredstatements="38" elements="52" coveredelements="48"/>
      </class>
      <line num="20" type="method" name="createValueObject" visibility="protected" complexity="1" crap="1" count="7"/>
      <line num="22" type="stmt" count="7"/>
      <line num="25" type="method" name="toTimestamp" visibility="private" complexity="1" crap="1" count="7"/>
[...]
      <line num="38" type="stmt" count="3"/>
      <line num="41" type="method" name="getMinUppercase" visibility="public" complexity="1" crap="1" count="3"/>
      <line num="43" type="stmt" count="3"/>
      <metrics loc="46" ncloc="46" classes="1" methods="7" coveredmethods="7" conditionals="0" coveredconditionals="0" statements="7" coveredstatements="7" elements="14" coveredelements="14"/>
    </file>
    <file name="/home/runner/work/apie-lib-monorepo/apie-lib-monorepo/packages/schema-generator/src/Builders/ComponentsBuilder.php">
      <class name="Apie\SchemaGenerator\Builders\ComponentsBuilder" namespace="global">
        <metrics complexity="23" methods="7" coveredmethods="4" conditionals="0" coveredconditionals="0" statements="46" coveredstatements="39" elements="53" coveredelements="43"/>
      </class>
      <line num="26" type="method" name="__construct" visibility="public" complexity="1" crap="1" count="10"/>
      <line num="28" type="stmt" count="10"/>
      <line num="29" type="stmt" count="10"/>
      <line num="30" type="stmt" count="10"/>
      <line num="33" type="method" name="getMixedReference" visibility="public" complexity="1" crap="1" count="4"/>
      <line num="35" type="stmt" count="4"/>
      <line num="38" type="method" name="getComponents" visibility="public" complexity="1" crap="1" count="10"/>
      <line num="40" type="stmt" count="10"/>
      <line num="43" type="method" name="setSchema" visibility="public" complexity="2" crap="2.02" count="10"/>
      <line num="45" type="stmt" count="10"/>
      <line num="46" type="stmt" count="0"/>
      <line num="48" type="stmt" count="10"/>
      <line num="49" type="stmt" count="10"/>
      <line num="51" type="stmt" count="10"/>
      <line num="52" type="stmt" count="10"/>
      <line num="55" type="method" name="getSchemaForMethod" visibility="public" complexity="4" crap="4" count="1"/>
      <line num="57" type="stmt" count="1"/>
      <line num="58" type="stmt" count="1"/>
      <line num="59" type="stmt" count="1"/>
      <line num="60" type="stmt" count="1"/>
      <line num="62" type="stmt" count="1"/>
      <line num="63" type="stmt" count="1"/>
      <line num="65" type="stmt" count="1"/>
      <line num="68" type="method" name="getSchemaForType" visibility="public" complexity="5" crap="7.35" count="1"/>
      <line num="70" type="stmt" count="1"/>
      <line num="71" type="stmt" count="1"/>
      <line num="72" type="stmt" count="0"/>
      <line num="73" type="stmt" count="0"/>
      <line num="74" type="stmt" count="0"/>
      <line num="76" type="stmt" count="0"/>
      <line num="80" type="stmt" count="1"/>
      <line num="81" type="stmt" count="1"/>
      <line num="83" type="stmt" count="1"/>
      <line num="84" type="stmt" count="0"/>
      <line num="89" type="stmt" count="1"/>
      <line num="92" type="method" name="addCreationSchemaFor" visibility="public" complexity="9" crap="9.02" count="10"/>
      <line num="95" type="stmt" count="10"/>
      <line num="96" type="stmt" count="10"/>
      <line num="97" type="stmt" count="4"/>
      <line num="98" type="stmt" count="10"/>
      <line num="99" type="stmt" count="4"/>
      <line num="100" type="stmt" count="10"/>
      <line num="101" type="stmt" count="10"/>
      <line num="102" type="stmt" count="4"/>
      <line num="104" type="stmt" count="10"/>
      <line num="105" type="stmt" count="10"/>
      <line num="106" type="stmt" count="10"/>
      <line num="107" type="stmt" count="2"/>
      <line num="109" type="stmt" count="10"/>
      <line num="110" type="stmt" count="10"/>
      <line num="111" type="stmt" count="10"/>
      <line num="112" type="stmt" count="10"/>
      <line num="115" type="stmt" count="0"/>
      <metrics loc="118" ncloc="115" classes="1" methods="7" coveredmethods="4" conditionals="0" coveredconditionals="0" statements="46" coveredstatements="39" elements="53" coveredelements="43"/>
    </file>
    <file name="/home/runner/work/apie-lib-monorepo/apie-lib-monorepo/packages/schema-generator/src/ComponentsBuilderFactory.php">
      <class name="Apie\SchemaGenerator\ComponentsBuilderFactory" namespace="global">
        <metrics complexity="3" methods="3" coveredmethods="3" conditionals="0" coveredconditionals="0" statements="9" coveredstatements="9" elements="12" coveredelements="12"/>
      </class>
      <line num="20" type="method" name="__construct" visibility="public" complexity="1" crap="1" count="10"/>
      <line num="22" type="stmt" count="10"/>
      <line num="25" type="method" name="createComponentsBuilderFactory" visibility="public" complexity="1" crap="1" count="10"/>
      <line num="27" type="stmt" count="10"/>
      <line num="28" type="stmt" count="10"/>
      <line num="29" type="stmt" count="10"/>
      <line num="30" type="stmt" count="10"/>
      <line num="31" type="stmt" count="10"/>
      <line num="32" type="stmt" count="10"/>
      <line num="33" type="stmt" count="10"/>
      <line num="37" type="method" name="createComponentsBuilder" visibility="public" complexity="1" crap="1" count="10"/>
      <line num="39" type="stmt" count="10"/>
      <metrics loc="42" ncloc="39" classes="1" methods="3" coveredmethods="3" conditionals="0" coveredconditionals="0" statements="9" coveredstatements="9" elements="12" coveredelements="12"/>
    </file>
    <file name="/home/runner/work/apie-lib-monorepo/apie-lib-monorepo/packages/schema-generator/src/Exceptions/ICanNotExtractASchemaFromClassException.php">
      <class name="Apie\SchemaGenerator\Exceptions\ICanNotExtractASchemaFromClassException" namespace="global">
        <metrics complexity="1" methods="1" coveredmethods="0" conditionals="0" coveredconditionals="0" statements="2" coveredstatements="0" elements="3" coveredelements="0"/>
      </class>
      <line num="8" type="method" name="__construct" visibility="public" complexity="1" crap="2" count="0"/>
      <line num="10" type="stmt" count="0"/>
      <line num="11" type="stmt" count="0"/>
      <metrics loc="18" ncloc="18" classes="1" methods="1" coveredmethods="0" conditionals="0" coveredconditionals="0" statements="2" coveredstatements="0" elements="3" coveredelements="0"/>
    </file>
    <file name="/home/runner/work/apie-lib-monorepo/apie-lib-monorepo/packages/schema-generator/src/Interfaces/SchemaProvider.php">
      <metrics loc="17" ncloc="17" classes="0" methods="0" coveredmethods="0" conditionals="0" coveredconditionals="0" statements="0" coveredstatements="0" elements="0" coveredelements="0"/>
    </file>
    <file name="/home/runner/work/apie-lib-monorepo/apie-lib-monorepo/packages/schema-generator/src/Other/MethodSchemaInfo.php">
      <class name="Apie\SchemaGenerator\Other\MethodSchemaInfo" namespace="global">
        <metrics complexity="0" methods="0" coveredmethods="0" conditionals="0" coveredconditionals="0" statements="0" coveredstatements="0" elements="0" coveredelements="0"/>
      </class>
      <metrics loc="16" ncloc="10" classes="0" methods="0" coveredmethods="0" conditionals="0" coveredconditionals="0" statements="0" coveredstatements="0" elements="0" coveredelements="0"/>
    </file>
    <file name="/home/runner/work/apie-lib-monorepo/apie-lib-monorepo/packages/schema-generator/src/SchemaProviders/CompositeValueObjectSchemaProvider.php">
      <class name="Apie\SchemaGenerator\SchemaProviders\CompositeValueObjectSchemaProvider" namespace="global">
        <metrics complexity="4" methods="2" coveredmethods="2" conditionals="0" coveredconditionals="0" statements="11" coveredstatements="11" elements="13" coveredelements="13"/>
      </class>
      <line num="13" type="method" name="supports" visibility="public" complexity="1" crap="1" count="9"/>
      <line num="15" type="stmt" count="9"/>
      <line num="17" type="method" name="addCreationSchemaFor" visibility="public" complexity="3" crap="3" count="2"/>
      <line num="22" type="stmt" count="2"/>
      <line num="23" type="stmt" count="2"/>
      <line num="24" type="stmt" count="2"/>
      <line num="25" type="stmt" count="2"/>
      <line num="26" type="stmt" count="2"/>
      <line num="27" type="stmt" count="2"/>
      <line num="29" type="stmt" count="2"/>
      <line num="32" type="stmt" count="2"/>
      <line num="37" type="stmt" count="2"/>
      <line num="38" type="stmt" count="2"/>
      <metrics loc="41" ncloc="41" classes="1" methods="2" coveredmethods="2" conditionals="0" coveredconditionals="0" statements="11" coveredstatements="11" elements="13" coveredelements="13"/>
    </file>
    <file name="/home/runner/work/apie-lib-monorepo/apie-lib-monorepo/packages/schema-generator/src/SchemaProviders/DateValueObjectSchemaProvider.php">
      <class name="Apie\SchemaGenerator\SchemaProviders\DateValueObjectSchemaProvider" namespace="global">
        <metrics complexity="2" methods="2" coveredmethods="2" conditionals="0" coveredconditionals="0" statements="7" coveredstatements="7" elements="9" coveredelements="9"/>
      </class>
      <line num="15" type="method" name="supports" visibility="public" complexity="1" crap="1" count="9"/>
      <line num="17" type="stmt" count="9"/>
      <line num="19" type="method" name="addCreationSchemaFor" visibility="public" complexity="1" crap="1" count="1"/>
      <line num="24" type="stmt" count="1"/>
      <line num="25" type="stmt" count="1"/>
      <line num="27" type="stmt" count="1"/>
      <line num="28" type="stmt" count="1"/>
      <line num="31" type="stmt" count="1"/>
      <line num="33" type="stmt" count="1"/>
      <metrics loc="36" ncloc="36" classes="1" methods="2" coveredmethods="2" conditionals="0" coveredconditionals="0" statements="7" coveredstatements="7" elements="9" coveredelements="9"/>
    </file>
    <file name="/home/runner/work/apie-lib-monorepo/apie-lib-monorepo/packages/schema-generator/src/SchemaProviders/DtoSchemaProvider.php">
      <class name="Apie\SchemaGenerator\SchemaProviders\DtoSchemaProvider" namespace="global">
        <metrics complexity="13" methods="3" coveredmethods="3" conditionals="0" coveredconditionals="0" statements="25" coveredstatements="25" elements="28" coveredelements="28"/>
      </class>
      <line num="15" type="method" name="supports" visibility="public" complexity="1" crap="1" count="10"/>
      <line num="17" type="stmt" count="10"/>
      <line num="20" type="method" name="addCreationSchemaFor" visibility="public" complexity="6" crap="6" count="5"/>
      <line num="25" type="stmt" count="5"/>
      <line num="26" type="stmt" count="5"/>
      <line num="27" type="stmt" count="5"/>
      <line num="29" type="stmt" count="4"/>
      <line num="30" type="stmt" count="4"/>
      <line num="31" type="stmt" count="2"/>
      <line num="33" type="stmt" count="4"/>
      <line num="34" type="stmt" count="4"/>
      <line num="35" type="stmt" count="3"/>
      <line num="36" type="stmt" count="3"/>
      <line num="38" type="stmt" count="4"/>
      <line num="39" type="stmt" count="4"/>
      <line num="41" type="stmt" count="4"/>
      <line num="42" type="stmt" count="4"/>
      <line num="45" type="stmt" count="5"/>
      <line num="50" type="stmt" count="5"/>
      <line num="51" type="stmt" count="5"/>
      <line num="54" type="method" name="isOptional" visibility="private" complexity="6" crap="6" count="4"/>
      <line num="57" type="stmt" count="4"/>
      <line num="58" type="stmt" count="1"/>
      <line num="60" type="stmt" count="4"/>
      <line num="61" type="stmt" count="1"/>
      <line num="63" type="stmt" count="3"/>
      <line num="64" type="stmt" count="1"/>
      <line num="66" type="stmt" count="2"/>
      <metrics loc="69" ncloc="67" classes="1" methods="3" coveredmethods="3" conditionals="0" coveredconditionals="0" statements="25" coveredstatements="25" elements="28" coveredelements="28"/>
    </file>
    <file name="/home/runner/work/apie-lib-monorepo/apie-lib-monorepo/packages/schema-generator/src/SchemaProviders/EntitySchemaProvider.php">
      <class name="Apie\SchemaGenerator\SchemaProviders\EntitySchemaProvider" namespace="global">
        <metrics complexity="6" methods="2" coveredmethods="2" conditionals="0" coveredconditionals="0" statements="16" coveredstatements="16" elements="18" coveredelements="18"/>
      </class>
      <line num="14" type="method" name="supports" visibility="public" complexity="1" crap="1" count="9"/>
      <line num="16" type="stmt" count="9"/>
      <line num="18" type="method" name="addCreationSchemaFor" visibility="public" complexity="5" crap="5" count="1"/>
      <line num="23" type="stmt" count="1"/>
      <line num="24" type="stmt" count="1"/>
      <line num="25" type="stmt" count="1"/>
      <line num="26" type="stmt" count="1"/>
      <line num="27" type="stmt" count="1"/>
      <line num="28" type="stmt" count="1"/>
      <line num="29" type="stmt" count="1"/>
      <line num="31" type="stmt" count="1"/>
      <line num="32" type="stmt" count="1"/>
      <line num="33" type="stmt" count="1"/>
      <line num="34" type="stmt" count="1"/>
      <line num="35" type="stmt" count="1"/>
      <line num="39" type="stmt" count="1"/>
      <line num="44" type="stmt" count="1"/>
      <line num="45" type="stmt" count="1"/>
      <metrics loc="48" ncloc="48" classes="1" methods="2" coveredmethods="2" conditionals="0" coveredconditionals="0" statements="16" coveredstatements="16" elements="18" coveredelements="18"/>
    </file>
    <file name="/home/runner/work/apie-lib-monorepo/apie-lib-monorepo/packages/schema-generator/src/SchemaProviders/EnumSchemaProvider.php">
      <class name="Apie\SchemaGenerator\SchemaProviders\EnumSchemaProvider" namespace="global">
        <metrics complexity="5" methods="2" coveredmethods="1" conditionals="0" coveredconditionals="0" statements="17" coveredstatements="16" elements="19" coveredelements="17"/>
      </class>
      <line num="13" type="method" name="supports" visibility="public" complexity="1" crap="1" count="6"/>
      <line num="15" type="stmt" count="6"/>
      <line num="17" type="method" name="addCreationSchemaFor" visibility="public" complexity="4" crap="4.00" count="6"/>
      <line num="22" type="stmt" count="6"/>
      <line num="23" type="stmt" count="6"/>
      <line num="24" type="stmt" count="6"/>
      <line num="25" type="stmt" count="6"/>
      <line num="27" type="stmt" count="6"/>
      <line num="28" type="stmt" count="6"/>
      <line num="31" type="stmt" count="6"/>
      <line num="32" type="stmt" count="5"/>
      <line num="33" type="stmt" count="5"/>
      <line num="34" type="stmt" count="5"/>
      <line num="35" type="stmt" count="0"/>
      <line num="37" type="stmt" count="5"/>
      <line num="38" type="stmt" count="5"/>
      <line num="39" type="stmt" count="5"/>
      <line num="45" type="stmt" count="6"/>
      <line num="46" type="stmt" count="6"/>
      <metrics loc="49" ncloc="49" classes="1" methods="2" coveredmethods="1" conditionals="0" coveredconditionals="0" statements="17" coveredstatements="16" elements="19" coveredelements="17"/>
    </file>
    <file name="/home/runner/work/apie-lib-monorepo/apie-lib-monorepo/packages/schema-generator/src/SchemaProviders/StringValueObjectSchemaProvider.php">
      <class name="Apie\SchemaGenerator\SchemaProviders\StringValueObjectSchemaProvider" namespace="global">
        <metrics complexity="3" methods="2" coveredmethods="2" conditionals="0" coveredconditionals="0" statements="8" coveredstatements="8" elements="10" coveredelements="10"/>
      </class>
      <line num="16" type="method" name="supports" visibility="public" complexity="1" crap="1" count="8"/>
      <line num="18" type="stmt" count="8"/>
      <line num="20" type="method" name="addCreationSchemaFor" visibility="public" complexity="2" crap="2" count="2"/>
      <line num="25" type="stmt" count="2"/>
      <line num="27" type="stmt" count="2"/>
      <line num="29" type="stmt" count="2"/>
      <line num="30" type="stmt" count="2"/>
      <line num="31" type="stmt" count="2"/>
      <line num="33" type="stmt" count="2"/>
      <line num="35" type="stmt" count="2"/>
      <metrics loc="38" ncloc="38" classes="1" methods="2" coveredmethods="2" conditionals="0" coveredconditionals="0" statements="8" coveredstatements="8" elements="10" coveredelements="10"/>
    </file>
    <file name="/home/runner/work/apie-lib-monorepo/apie-lib-monorepo/packages/schema-generator/tests/ComponentsBuilderFactoryTest.php">
      <class name="Apie\Tests\SchemaGenerator\ComponentsBuilderFactoryTest" namespace="global">
        <metrics complexity="4" methods="3" coveredmethods="2" conditionals="0" coveredconditionals="0" statements="53" coveredstatements="12" elements="56" coveredelements="14"/>
      </class>
      <line num="21" type="method" name="givenAComponentsBuilderFactory" visibility="private" complexity="1" crap="1" count="10"/>
      <line num="23" type="stmt" count="10"/>
      <line num="30" type="method" name="i_can_have_a_schema_of_value_object" visibility="public" complexity="2" crap="2" count="10"/>
      <line num="35" type="stmt" count="10"/>
      <line num="36" type="stmt" count="10"/>
      <line num="37" type="stmt" count="10"/>
      <line num="38" type="stmt" count="10"/>
      <line num="39" type="stmt" count="10"/>
      <line num="40" type="stmt" count="10"/>
      <line num="41" type="stmt" count="10"/>
      <line num="42" type="stmt" count="10"/>
      <line num="43" type="stmt" count="10"/>
      <line num="44" type="stmt" count="1"/>
      <line num="46" type="stmt" count="10"/>
      <line num="49" type="method" name="valueObjectProviders" visibility="public" complexity="1" crap="2" count="0"/>
      <line num="52" type="stmt" count="0"/>
      <line num="61" type="stmt" count="0"/>
      <line num="64" type="stmt" count="0"/>
      <line num="65" type="stmt" count="0"/>
      <line num="73" type="stmt" count="0"/>
      <line num="75" type="stmt" count="0"/>
      <line num="81" type="stmt" count="0"/>
      <line num="89" type="stmt" count="0"/>
      <line num="99" type="stmt" count="0"/>
      <line num="103" type="stmt" count="0"/>
      <line num="104" type="stmt" count="0"/>
      <line num="105" type="stmt" count="0"/>
      <line num="106" type="stmt" count="0"/>
      <line num="107" type="stmt" count="0"/>
      <line num="108" type="stmt" count="0"/>
      <line num="109" type="stmt" count="0"/>
      <line num="116" type="stmt" count="0"/>
      <line num="128" type="stmt" count="0"/>
      <line num="129" type="stmt" count="0"/>
      <line num="130" type="stmt" count="0"/>
      <line num="131" type="stmt" count="0"/>
      <line num="132" type="stmt" count="0"/>
      <line num="133" type="stmt" count="0"/>
      <line num="134" type="stmt" count="0"/>
      <line num="141" type="stmt" count="0"/>
      <line num="151" type="stmt" count="0"/>
      <line num="152" type="stmt" count="0"/>
      <line num="153" type="stmt" count="0"/>
      <line num="154" type="stmt" count="0"/>
      <line num="155" type="stmt" count="0"/>
      <line num="162" type="stmt" count="0"/>
      <line num="167" type="stmt" count="0"/>
      <line num="168" type="stmt" count="0"/>
      <line num="169" type="stmt" count="0"/>
      <line num="170" type="stmt" count="0"/>
      <line num="171" type="stmt" count="0"/>
      <line num="172" type="stmt" count="0"/>
      <line num="173" type="stmt" count="0"/>
      <line num="180" type="stmt" count="0"/>
      <line num="186" type="stmt" count="0"/>
      <line num="187" type="stmt" count="0"/>
      <metrics loc="195" ncloc="191" classes="1" methods="3" coveredmethods="2" conditionals="0" coveredconditionals="0" statements="53" coveredstatements="12" elements="56" coveredelements="14"/>
    </file>
    <metrics files="111" loc="4680" ncloc="4323" classes="88" methods="249" coveredmethods="173" conditionals="0" coveredconditionals="0" statements="1073" coveredstatements="819" elements="1322" coveredelements="992"/>
  </project>
</coverage>
